  339.9    65.5
   17.5    84.2
  223.1    68.4
   54.5    74.2
  183.2    78.6
   38.2    74.8
   44.6    72.6
  246.0    75.0
  234.7    60.4
  347.3    61.0
  215.8    84.3
  292.1    72.0
  101.6    78.5
  337.2    68.9
   35.0    75.1
  196.1    77.7
  102.1    78.2
  331.9    85.3
   70.7    78.2
  344.9    54.1
  157.2    70.1
   96.9    84.3
  300.5    76.1
  208.9    88.6
  350.0    66.3
  142.1    50.8
  194.4    67.4
  147.0    85.4
  171.9    72.1
  336.8    72.4
  329.6    68.5
  108.8    73.1
  192.6    86.6
  288.2    65.3
  297.1    67.0
   24.8    69.8
  146.7    81.6
   92.0    79.7
  264.4    81.9
  204.1    64.6
   99.5    88.4
  114.9    83.8
  349.5    78.7
  235.0    90.0
  343.1    79.6
  354.0    59.4
  203.9    78.7
   19.6    89.8
  121.6    61.9
  334.1    75.1
  260.8    69.7
   15.8    85.6
  127.9    86.3
  131.9    74.0
   86.8    65.0
  196.7    88.2
  152.1    74.6
  312.3    79.7
  354.7    75.5
  219.8    81.6
   71.7    68.5
  251.6    76.3
  327.0    70.5
  305.0    68.1
  120.4    67.2
  338.1    79.7
  271.6    71.5
  142.5    75.1
  130.2    86.9
  291.9    80.0
  296.7    80.4
    7.2    59.5
  332.2    72.2
    1.1    71.2
  293.5    84.3
   15.9    81.1
  174.7    80.6
  351.7    77.9
   40.2    79.2
  194.7    74.0
   52.9    88.6
   52.5    76.9
  277.6    72.6
  273.1    77.6
  253.2    75.7
  313.1    68.2
  232.7    72.1
  177.7    77.2
  138.3    88.0
  272.2    78.2
  214.8    70.5
  248.1    74.0
   10.7    70.5
  178.0    68.1
  300.1    76.8
  250.9    50.7
  165.3    77.0
  125.6    73.8
   95.4    79.3
  125.9    79.4
