 Snv%%%%% :       8.200000000000     :       8.200000000000    
 Smv%%%%% :      -8.200000000000     :      -8.200000000000    
 Snv%%BT7 :       8.200000100000     :       8.200000100000    
 [vT';RZ} :       900500000.2031     :       900500000.2031    
 [uT';RZ} :      -900500000.2031     :      -900500000.2031    
 S.R%%%%% :       1.000000000000     :       1.000000000000    
 S.R%f[v% :       1.000020000000     :       1.000020000000    
 S.R%+WQ. :       1.000002000000     :       1.000002000000    
 S.R%%`)J :       1.000000200000     :       1.000000200000    
 S.R%%*vM :       1.000000020000     :       1.000000020000    
 S.R%%%Z2 :       1.000000002000     :       1.000000002000    
 S.R%%%*A :       1.000000000200     :       1.000000000200    
 S.R%%%%U :       1.000000000020     :       1.000000000020    
 S.R%%%%* :       1.000000000002     :       1.000000000002    
 S.R%%%%% :       1.000000000000     :       1.000000000000    
 S.R%%%%% :       1.000000000000     :       1.000000000000    
 Q%%%%%%% :       0.000000000000     :      -0.000000000000    
 N8%%%%%% :      0.2000000000000E-04 :      0.2000000000000E-04
 M6%%%%% :      0.2000000000000E-05 :      0.2000000000000E-05
 L6%%%%% :      0.2000000000000E-06 :      0.2000000000000E-06
 K8%%%%%% :      0.2000000000000E-07 :      0.2000000000000E-07
 J8%%%%%% :      0.2000000000000E-08 :      0.2000000000000E-08
 I8%%%%%% :      0.2000000000000E-09 :      0.2000000000000E-09
 H6%%%%% :      0.2000000000000E-10 :      0.2000000000000E-10
 G8%%%%%% :      0.2000000000000E-11 :      0.2000000000000E-11
 F8%%%%%% :      0.2000000000000E-12 :      0.2000000000000E-12
 E8%%%%%% :      0.2000000000000E-13 :      0.2000000000000E-13
 S-R%%%%% :      -1.000000000000     :      -1.000000000000    
 S-R%f[v% :      -1.000020000000     :      -1.000020000000    
 S-R%+WQ. :      -1.000002000000     :      -1.000002000000    
 S-R%%`)J :      -1.000000200000     :      -1.000000200000    
 S-R%%*vM :      -1.000000020000     :      -1.000000020000    
 S-R%%%Z2 :      -1.000000002000     :      -1.000000002000    
 S-R%%%*A :      -1.000000000200     :      -1.000000000200    
 S-R%%%%U :      -1.000000000020     :      -1.000000000020    
 S-R%%%%* :      -1.000000000002     :      -1.000000000002    
 S-R%%%%% :      -1.000000000000     :      -1.000000000000    
 S-R%%%%% :      -1.000000000000     :      -1.000000000000    
 Q%%%%%%% :      -0.000000000000     :      -0.000000000000    
 N7%%%%%% :     -0.2000000000000E-04 :     -0.2000000000000E-04
 M5%%%%% :     -0.2000000000000E-05 :     -0.2000000000000E-05
 L5%%%%% :     -0.2000000000000E-06 :     -0.2000000000000E-06
 K7%%%%%% :     -0.2000000000000E-07 :     -0.2000000000000E-07
 J7%%%%%% :     -0.2000000000000E-08 :     -0.2000000000000E-08
 I7%%%%%% :     -0.2000000000000E-09 :     -0.2000000000000E-09
 H5%%%%% :     -0.2000000000000E-10 :     -0.2000000000000E-10
 G7%%%%%% :     -0.2000000000000E-11 :     -0.2000000000000E-11
 F7%%%%%% :     -0.2000000000000E-12 :     -0.2000000000000E-12
 E7%%%%%% :     -0.2000000000000E-13 :     -0.2000000000000E-13
 S0V~~{eh :       1.234567890123     :       1.234567890123    
 T0V~~{eh :       12.34567890123     :       12.34567890123    
 U0V~~{eh :       123.4567890123     :       123.4567890123    
 V0V~~{eh :       1234.567890123     :       1234.567890123    
 W0V~~{eh :       12345.67890123     :       12345.67890123    
 X0V~~{eh :       123456.7890123     :       123456.7890123    
 Y0V~~{eh :       1234567.890123     :       1234567.890123    
 Z0V~~{eh :       12345678.90123     :       12345678.90123    
 [0V~~{eh :       123456789.0123     :       123456789.0123    
 \0V~~{eh :       1234567890.123     :       1234567890.123    
 ]0V~~{eh :       12345678901.23     :       12345678901.23    
 ^0V~~{eh :       123456789012.3     :       123456789012.3    
 _0V~~{eh :       1234567890123.     :       1234567890123.    
 `0V~~{eh :      0.1234567890123E+14 :      0.1234567890123E+14
 a0V~~{eh :      0.1234567890123E+15 :      0.1234567890123E+15
 b0V~~{eh :      0.1234567890123E+16 :      0.1234567890123E+16
 c0V~~{eh :      0.1234567890123E+17 :      0.1234567890123E+17
 d0V~~{eh :      0.1234567890123E+18 :      0.1234567890123E+18
 e0V~~{eh :      0.1234567890123E+19 :      0.1234567890123E+19
 f0V~~{eh :      0.1234567890123E+20 :      0.1234567890123E+20
 g0V~~{eh :      0.1234567890123E+21 :      0.1234567890123E+21
 h0V~~{eh :      0.1234567890123E+22 :      0.1234567890123E+22
 i0V~~{eh :      0.1234567890123E+23 :      0.1234567890123E+23
 j0V~~{eh :      0.1234567890123E+24 :      0.1234567890123E+24
 k0V~~{eh :      0.1234567890123E+25 :      0.1234567890123E+25
 l0V~~{eh :      0.1234567890123E+26 :      0.1234567890123E+26
 m0V~~{eh :      0.1234567890123E+27 :      0.1234567890123E+27
 n0V~~{eh :      0.1234567890123E+28 :      0.1234567890123E+28
 o0V~~{eh :      0.1234567890123E+29 :      0.1234567890123E+29
 p0V~~{eh :      0.1234567890123E+30 :      0.1234567890123E+30
 q0V~~{eh :      0.1234567890123E+31 :      0.1234567890123E+31
 R0V~~{eh :      0.1234567890123     :      0.1234567890123    
 Q0V~~{eh :      0.1234567890123E-01 :      0.1234567890123E-01
 P0V~~{eh :      0.1234567890123E-02 :      0.1234567890123E-02
 O0V~~{eh :      0.1234567890123E-03 :      0.1234567890123E-03
 N0V~~{eh :      0.1234567890123E-04 :      0.1234567890123E-04
 M0V~~{eh :      0.1234567890123E-05 :      0.1234567890123E-05
 L0V~~{eh :      0.1234567890123E-06 :      0.1234567890123E-06
 K0V~~{eh :      0.1234567890123E-07 :      0.1234567890123E-07
 J0V~~{eh :      0.1234567890123E-08 :      0.1234567890123E-08
 I0V~~{eh :      0.1234567890123E-09 :      0.1234567890123E-09
 H0V~~{eh :      0.1234567890123E-10 :      0.1234567890123E-10
 G0V~~{eh :      0.1234567890123E-11 :      0.1234567890123E-11
 F0V~~{eh :      0.1234567890123E-12 :      0.1234567890123E-12
 E0V~~{eh :      0.1234567890123E-13 :      0.1234567890123E-13
 D0V~~{eh :      0.1234567890123E-14 :      0.1234567890123E-14
 C0V~~{eh :      0.1234567890123E-15 :      0.1234567890123E-15
 B0V~~{eh :      0.1234567890123E-16 :      0.1234567890123E-16
 A0V~~{eh :      0.1234567890123E-17 :      0.1234567890123E-17
 @0V~~{eh :      0.1234567890123E-18 :      0.1234567890123E-18
 ?0V~~{eh :      0.1234567890123E-19 :      0.1234567890123E-19
 >0V~~{eh :      0.1234567890123E-20 :      0.1234567890123E-20
 =0V~~{eh :      0.1234567890123E-21 :      0.1234567890123E-21
 <0V~~{eh :      0.1234567890123E-22 :      0.1234567890123E-22
 ;0V~~{eh :      0.1234567890123E-23 :      0.1234567890123E-23
 :0V~~{eh :      0.1234567890123E-24 :      0.1234567890123E-24
 90V~~{eh :      0.1234567890123E-25 :      0.1234567890123E-25
 80V~~{eh :      0.1234567890123E-26 :      0.1234567890123E-26
 70V~~{eh :      0.1234567890123E-27 :      0.1234567890123E-27
 60V~~{eh :      0.1234567890123E-28 :      0.1234567890123E-28
 50V~~{eh :      0.1234567890123E-29 :      0.1234567890123E-29
 Xn%%%%%% :       800000.0000000     :       800000.0000000    
 Xn'p2R%% :       800700.0000000     :       800700.0000000    
 Xn%'V^2R :       800007.0000000     :       800007.0000000    
 Xn%%;{eD :       800000.7000000     :       800000.7000000    
 Xn%%'?aL :       800000.0700000     :       800000.0700000    
 Xn%%%9a) :       800000.0070000     :       800000.0070000    
 Xn%%%'+% :       800000.0007000     :       800000.0007000    
 Xn%%%%7[ :       800000.0000700     :       800000.0000700    
 Nn%%%%%% :      0.8000000000000E-04 :      0.8000000000000E-04
 Nn'p2R%% :      0.8007000000000E-04 :      0.8007000000000E-04
 Nn%'V^2R :      0.8000070000000E-04 :      0.8000070000000E-04
 Nn%%;{eD :      0.8000007000000E-04 :      0.8000007000000E-04
 Nn%%'?aL :      0.8000000700000E-04 :      0.8000000700000E-04
 Nn%%%9a) :      0.8000000070000E-04 :      0.8000000070000E-04
 Nn%%%'+% :      0.8000000007000E-04 :      0.8000000007000E-04
 Nn%%%%7[ :      0.8000000000700E-04 :      0.8000000000700E-04
 Xm%%%%%% :      -800000.0000000     :      -800000.0000000    
 Xm'p2R%% :      -800700.0000000     :      -800700.0000000    
 Xm%'V^2R :      -800007.0000000     :      -800007.0000000    
 Xm%%;{eD :      -800000.7000000     :      -800000.7000000    
 Xm%%'?aL :      -800000.0700000     :      -800000.0700000    
 Xm%%%9a) :      -800000.0070000     :      -800000.0070000    
 Xm%%%'+% :      -800000.0007000     :      -800000.0007000    
 Xm%%%%7[ :      -800000.0000700     :      -800000.0000700    
 Nm%%%%%% :     -0.8000000000000E-04 :     -0.8000000000000E-04
 Nm'p2R%% :     -0.8007000000000E-04 :     -0.8007000000000E-04
 Nm%'V^2R :     -0.8000070000000E-04 :     -0.8000070000000E-04
 Nm%%;{eD :     -0.8000007000000E-04 :     -0.8000007000000E-04
 Nm%%'?aL :     -0.8000000700000E-04 :     -0.8000000700000E-04
 Nm%%%9a) :     -0.8000000070000E-04 :     -0.8000000070000E-04
 Nm%%%'+% :     -0.8000000007000E-04 :     -0.8000000007000E-04
 Nm%%%%7[ :     -0.8000000000700E-04 :     -0.8000000000700E-04
 P0u1r.j, :      0.1308994698530E-02 :      0.1308994698530E-02
 RB'&DE(a :      0.3116086375860     :      0.3116086375860    
 RZ'n5y1e :      0.5784723955160     :      0.5784723955160    
 Q`LHa=?j :      0.6541719332410E-01 :      0.6541719332410E-01
 Q04T;/'K :      0.1149444325990E-01 :      0.1149444325990E-01
 R>BpKp65 :      0.2740341056380     :      0.2740341056380    
 Rx5,8882 :      0.9150815184720     :      0.9150815184720    
 RVY^t+{5 :      0.5463316286330     :      0.5463316286330    
 RNYYcHEZ :      0.4574285137300     :      0.4574285137300    
 Rn[U~8(q :      0.8134677400270     :      0.8134677400270    
 RrZ,kDRN :      0.8575522130790     :      0.8575522130790    
 R49ofS=% :      0.1606988420690     :      0.1606988420690    
 R2>j[s4+ :      0.1396971458170     :      0.1396971458170    
 Qn_a?F[e :      0.8144864006530E-01 :      0.8144864006530E-01
 R~-2rZ3[ :      0.9797911169240     :      0.9797911169240    
 R|J)cvMZ :      0.9647042495050     :      0.9647042495050    
 Qz=Q}[bx :      0.9393826736060E-01 :      0.9393826736060E-01
 R^pe1yDE :      0.6409167180980     :      0.6409167180980    
 R^-]]WxS :      0.6243528902870     :      0.6243528902870    
 Q@[+Tyq& :      0.3022401445730E-01 :      0.3022401445730E-01
 RJ8he0[A :      0.4048771263200     :      0.4048771263200    
 RJ-UnMr9 :      0.4021092349940     :      0.4021092349940    
 QF+N+n\3 :      0.3571497277220E-01 :      0.3571497277220E-01
 RFJP)+y} :      0.3648094521310     :      0.3648094521310    
 R>UM8M\w :      0.2786288508260     :      0.2786288508260    
 QV=\<NlO :      0.5394108661600E-01 :      0.5394108661600E-01
 R`B^8V+3 :      0.6517619126720     :      0.6517619126720    
 R`8;V\F^ :      0.6491976715520     :      0.6491976715520    
 Rp195^h| :      0.8252405621620     :      0.8252405621620    
 RJ2z)(k1 :      0.4034431959150     :      0.4034431959150    
 R^-P<H@] :      0.6243162137570     :      0.6243162137570    
 Rl{w:gx2 :      0.7992379741990     :      0.7992379741990    
 Rv{%pLr: :      0.9101257565270     :      0.9101257565270    
 QFQ{2e5> :      0.3666561107490E-01 :      0.3666561107490E-01
 RL&bI%wI :      0.4226375860440     :      0.4226375860440    
 Rn+5}2z= :      0.8015280644710     :      0.8015280644710    
 Rlmyz(1Q :      0.7957886003620     :      0.7957886003620    
 Q~VBjm.\ :      0.9899582320130E-01 :      0.9899582320130E-01
 Rzw?tSE. :      0.9536540013740     :      0.9536540013740    
 R>t2wAU5 :      0.2862110140850     :      0.2862110140850    
 RJ4fc^0` :      0.4038839394840     :      0.4038839394840    
 RtiJBcRg :      0.8835592042230     :      0.8835592042230    
 QrzlzCb2 :      0.8656294876050E-01 :      0.8656294876050E-01
 R>\bg1Wm :      0.2804162822620     :      0.2804162822620    
 Rz*IMYIn :      0.9346679037440     :      0.9346679037440    
 QD*s5}F_ :      0.3347824106670E-01 :      0.3347824106670E-01
 Rp\V\08[ :      0.8359385802360     :      0.8359385802360    
 RfxZ<m'h :      0.7317510684450     :      0.7317510684450    
 R^fO%6mv :      0.6383868373080     :      0.6383868373080    
 RvwUE@Q0 :      0.9092684744840     :      0.9092684744840    
 Rh.A*}wU :      0.7356325556460     :      0.7356325556460    
 RJm7BLlU :      0.4178280579840     :      0.4178280579840    
 R<E_As2y :      0.2525056810970     :      0.2525056810970    
 RzSEdC?C :      0.9447810802190     :      0.9447810802190    
 Rrj1q,kx :      0.8615167226500     :      0.8615167226500    
 R6%ef_,I :      0.1779553618460     :      0.1779553618460    
 RZf{*xfA :      0.5940632809110     :      0.5940632809110    
 RT1U|Rc` :      0.5142084288290     :      0.5142084288290    
 Rp_f@7C> :      0.8367223656070     :      0.8367223656070    
 R2[4J'(G :      0.1467089474970     :      0.1467089474970    
 R>jU~:CP :      0.2838381111750     :      0.2838381111750    
 R\Tm/.|R :      0.6118027773450     :      0.6118027773450    
 R>u+(EaI :      0.2864363165070     :      0.2864363165070    
 R4[lb(M: :      0.1690855369090     :      0.1690855369090    
 R^>uv9MC :      0.6286170165280     :      0.6286170165280    
 R|-_Ci+v :      0.9576909238350     :      0.9576909238350    
 Rfq{&EK) :      0.7301125243180     :      0.7301125243180    
 RxkKr63+ :      0.9285016671430     :      0.9285016671430    
 RD,tDv~I :      0.3352794363980     :      0.3352794363980    
 Rz4J`K^@ :      0.9371403575460     :      0.9371403575460    
 Q~jK2=Yn :      0.9949194718240E-01 :      0.9949194718240E-01
 RhPBl?O% :      0.7440323515950     :      0.7440323515950    
 RD=Vow:0 :      0.3393959735930     :      0.3393959735930    
 RJ9^WE^F :      0.4050961854180     :      0.4050961854180    
 RnRusyD< :      0.8113329961040     :      0.8113329961040    
 RH;gr5Fu :      0.3833932992520     :      0.3833932992520    
 RHf58;hl :      0.3938716431280     :      0.3938716431280    
 Qb1@^lYO :      0.6697054654890E-01 :      0.6697054654890E-01
 RjuZ[/[% :      0.7754556963200     :      0.7754556963200    
 Rxft[5TG :      0.9273788807690     :      0.9273788807690    
 R|aEnobv :      0.9704604124330     :      0.9704604124330    
 RN0P_J@w :      0.4472802443090     :      0.4472802443090    
 RBaC0Xn? :      0.3260085833170     :      0.3260085833170    
 RBA{2((q :      0.3182610283130     :      0.3182610283130    
 R6AF;7RG :      0.1847825699010     :      0.1847825699010    
 Rhg=<nkM :      0.7496961993540     :      0.7496961993540    
 RX|~pe(j :      0.5772835150610     :      0.5772835150610    
 RNhf'c^n :      0.4611660629790     :      0.4611660629790    
 Rl`y^xoU :      0.7925778976200     :      0.7925778976200    
 R2x`{ESf :      0.1539916586290     :      0.1539916586290    
 R:A?8RBD :      0.2292077275910     :      0.2292077275910    
 Rxdah_8V :      0.9268333378100     :      0.9268333378100    
 R4kS-U@C :      0.1729659666730     :      0.1729659666730    
 RxwPu<=: :      0.9314784410470     :      0.9314784410470    
 RB?l5Ym1 :      0.3177261571920     :      0.3177261571920    
 RZokA,]( :      0.5962422827220     :      0.5962422827220    
 R0]*]VJx :      0.1249537128220     :      0.1249537128220    
 QT6PYuU% :      0.5154282241980E-01 :      0.5154282241980E-01
 Rr=/-OeP :      0.8503980635460     :      0.8503980635460    
 Rp\`e+nR :      0.8359662879360     :      0.8359662879360    
 eX|~pe(j :      0.5772835150610E+19 :      0.5772835150610E+19
 e:A?8RBD :      0.2292077275910E+19 :      0.2292077275910E+19
 exdah_8V :      0.9268333378100E+19 :      0.9268333378100E+19
 e4kS-U@C :      0.1729659666730E+19 :      0.1729659666730E+19
 exwPu<=: :      0.9314784410470E+19 :      0.9314784410470E+19
 eB?l5Ym1 :      0.3177261571920E+19 :      0.3177261571920E+19
 eZokA,]( :      0.5962422827220E+19 :      0.5962422827220E+19
 e0]*]VJx :      0.1249537128220E+19 :      0.1249537128220E+19
 er=/-OeP :      0.8503980635460E+19 :      0.8503980635460E+19
 ep\`e+nR :      0.8359662879360E+19 :      0.8359662879360E+19
 eW|~pe(j :     -0.5772835150610E+19 :     -0.5772835150610E+19
 e9A?8RBD :     -0.2292077275910E+19 :     -0.2292077275910E+19
 ewdah_8V :     -0.9268333378100E+19 :     -0.9268333378100E+19
 e3kS-U@C :     -0.1729659666730E+19 :     -0.1729659666730E+19
 ewwPu<=: :     -0.9314784410470E+19 :     -0.9314784410470E+19
 eA?l5Ym1 :     -0.3177261571920E+19 :     -0.3177261571920E+19
 eYokA,]( :     -0.5962422827220E+19 :     -0.5962422827220E+19
 e/]*]VJx :     -0.1249537128220E+19 :     -0.1249537128220E+19
 eq=/-OeP :     -0.8503980635460E+19 :     -0.8503980635460E+19
 eo\`e+nR :     -0.8359662879360E+19 :     -0.8359662879360E+19
 ?X|~pe(j :      0.5772835150610E-19 :      0.5772835150610E-19
 ?:A?8RBD :      0.2292077275910E-19 :      0.2292077275910E-19
 ?xdah_8V :      0.9268333378100E-19 :      0.9268333378100E-19
 ?4kS-U@C :      0.1729659666730E-19 :      0.1729659666730E-19
 ?xwPu<=: :      0.9314784410470E-19 :      0.9314784410470E-19
 ?B?l5Ym1 :      0.3177261571920E-19 :      0.3177261571920E-19
 ?ZokA,]( :      0.5962422827220E-19 :      0.5962422827220E-19
 ?0]*]VJx :      0.1249537128220E-19 :      0.1249537128220E-19
 ?r=/-OeP :      0.8503980635460E-19 :      0.8503980635460E-19
 ?p\`e+nR :      0.8359662879360E-19 :      0.8359662879360E-19
 ?W|~pe(j :     -0.5772835150610E-19 :     -0.5772835150610E-19
 ?9A?8RBD :     -0.2292077275910E-19 :     -0.2292077275910E-19
 ?wdah_8V :     -0.9268333378100E-19 :     -0.9268333378100E-19
 ?3kS-U@C :     -0.1729659666730E-19 :     -0.1729659666730E-19
 ?wwPu<=: :     -0.9314784410470E-19 :     -0.9314784410470E-19
 ?A?l5Ym1 :     -0.3177261571920E-19 :     -0.3177261571920E-19
 ?YokA,]( :     -0.5962422827220E-19 :     -0.5962422827220E-19
 ?/]*]VJx :     -0.1249537128220E-19 :     -0.1249537128220E-19
 ?q=/-OeP :     -0.8503980635460E-19 :     -0.8503980635460E-19
 ?o\`e+nR :     -0.8359662879360E-19 :     -0.8359662879360E-19
 wX|~pe(j :      0.5772835150610E+37 :      0.5772835150610E+37
 w:A?8RBD :      0.2292077275910E+37 :      0.2292077275910E+37
 wxdah_8V :      0.9268333378100E+37 :      0.9268333378100E+37
 w4kS-U@C :      0.1729659666730E+37 :      0.1729659666730E+37
 wxwPu<=: :      0.9314784410470E+37 :      0.9314784410470E+37
 wB?l5Ym1 :      0.3177261571920E+37 :      0.3177261571920E+37
 wZokA,]( :      0.5962422827220E+37 :      0.5962422827220E+37
 w0]*]VJx :      0.1249537128220E+37 :      0.1249537128220E+37
 wr=/-OeP :      0.8503980635460E+37 :      0.8503980635460E+37
 wp\`e+nR :      0.8359662879360E+37 :      0.8359662879360E+37
 wW|~pe(j :     -0.5772835150610E+37 :     -0.5772835150610E+37
 w9A?8RBD :     -0.2292077275910E+37 :     -0.2292077275910E+37
 wwdah_8V :     -0.9268333378100E+37 :     -0.9268333378100E+37
 w3kS-U@C :     -0.1729659666730E+37 :     -0.1729659666730E+37
 wwwPu<=: :     -0.9314784410470E+37 :     -0.9314784410470E+37
 wA?l5Ym1 :     -0.3177261571920E+37 :     -0.3177261571920E+37
 wYokA,]( :     -0.5962422827220E+37 :     -0.5962422827220E+37
 w/]*]VJx :     -0.1249537128220E+37 :     -0.1249537128220E+37
 wq=/-OeP :     -0.8503980635460E+37 :     -0.8503980635460E+37
 wo\`e+nR :     -0.8359662879360E+37 :     -0.8359662879360E+37
 -X|~pe(j :      0.5772835150610E-37 :      0.5772835150610E-37
 -:A?8RBD :      0.2292077275910E-37 :      0.2292077275910E-37
 -xdah_8V :      0.9268333378100E-37 :      0.9268333378100E-37
 -4kS-U@C :      0.1729659666730E-37 :      0.1729659666730E-37
 -xwPu<=: :      0.9314784410470E-37 :      0.9314784410470E-37
 -B?l5Ym1 :      0.3177261571920E-37 :      0.3177261571920E-37
 -ZokA,]( :      0.5962422827220E-37 :      0.5962422827220E-37
 -0]*]VJx :      0.1249537128220E-37 :      0.1249537128220E-37
 -r=/-OeP :      0.8503980635460E-37 :      0.8503980635460E-37
 -p\`e+nR :      0.8359662879360E-37 :      0.8359662879360E-37
 -W|~pe(j :     -0.5772835150610E-37 :     -0.5772835150610E-37
 -9A?8RBD :     -0.2292077275910E-37 :     -0.2292077275910E-37
 -wdah_8V :     -0.9268333378100E-37 :     -0.9268333378100E-37
 -3kS-U@C :     -0.1729659666730E-37 :     -0.1729659666730E-37
 -wwPu<=: :     -0.9314784410470E-37 :     -0.9314784410470E-37
 -A?l5Ym1 :     -0.3177261571920E-37 :     -0.3177261571920E-37
 -YokA,]( :     -0.5962422827220E-37 :     -0.5962422827220E-37
 -/]*]VJx :     -0.1249537128220E-37 :     -0.1249537128220E-37
 -q=/-OeP :     -0.8503980635460E-37 :     -0.8503980635460E-37
 -o\`e+nR :     -0.8359662879360E-37 :     -0.8359662879360E-37
