  8.8089202E-03
  1.9575894E-02
  2.5728831E-02
  2.7668750E-02
  2.3534169E-02
  1.7420541E-02
  1.1850093E-02
  1.6174505E-02
  4.1131116E-02
  7.3868968E-02
  7.6040775E-02
  7.2312512E-02
  6.8961531E-02
  5.6337588E-02
  4.6985783E-02
  3.5830349E-02
  2.5431126E-02
  2.1674786E-02
  1.7446807E-02
  1.3164144E-02
  1.3045141E-02
  0.2155311    
  0.2812441    
  0.2703081    
  0.2145891    
  0.1964562    
  0.1674564    
  0.1690215    
  0.1451989    
  0.1103599    
  7.7834882E-02
  5.2904949E-02
  3.5803542E-02
  2.4862697E-02
  1.8173885E-02
  4.3297626E-02
  9.0386540E-02
  9.8304763E-02
  8.3486475E-02
  6.2856004E-02
  4.4712786E-02
  3.1373926E-02
  2.2472650E-02
  1.6870392E-02
  1.3462336E-02
  1.3957225E-02
  2.6413692E-02
  7.2747700E-02
  0.1975679    
  0.2246357    
  0.1920418    
  0.1431921    
  0.1047461    
  7.3747903E-02
  5.0899543E-02
  3.5327964E-02
  2.5320522E-02
  1.9144714E-02
  1.5424252E-02
  1.3198313E-02
  1.1848339E-02
  1.0997677E-02
  1.0427191E-02
  1.0010247E-02
  9.6779782E-03
  9.3932087E-03
  9.1371313E-03
  8.8973930E-03
  8.6686201E-03
  8.4481882E-03
  8.2346955E-03
  8.0273263E-03
  7.8255823E-03
  7.6302071E-03
  7.4391626E-03
  7.2535579E-03
  7.0717726E-03
  6.8940697E-03
  6.7207194E-03
  6.5517924E-03
  6.3872221E-03
  6.2268870E-03
  6.0706511E-03
  5.9183845E-03
  5.7699676E-03
  5.6252903E-03
  5.4842518E-03
  5.3467546E-03
  5.2127074E-03
  5.0820229E-03
  4.9546151E-03
  4.8304028E-03
  4.7093043E-03
  4.5912415E-03
  4.4761393E-03
  4.3639224E-03
  4.2545185E-03
  4.1478579E-03
  4.0438711E-03
  3.9424910E-03
  3.8436530E-03
  3.7472923E-03
  3.6533477E-03
  3.5617582E-03
  8.1319675E-02
  0.1480101    
  0.1510248    
  0.1224228    
  8.7988988E-02
  5.9164230E-02
  3.8554382E-02
  2.5086964E-02
  1.6778868E-02
  0.2082028    
  0.3234342    
  0.3128343    
  0.2467373    
  0.1743902    
  0.1186277    
  8.0910981E-02
  0.1650416    
  0.1844251    
  0.1589611    
  0.1197498    
  0.2502858    
  0.2789505    
  0.2955782    
  0.2836498    
  0.2591905    
  0.5518255    
  0.6106749    
  0.5178799    
  0.3827569    
  0.2621453    
  0.4624595    
  0.5443302    
  0.4829416    
  0.3689100    
  0.2596385    
  0.1757515    
  0.1184014    
  8.1865810E-02
  5.9617706E-02
  4.6429798E-02
  0.3254605    
  0.4211731    
  0.3812539    
  0.3536028    
  0.2886699    
  0.2611780    
  0.2182883    
  0.1680223    
  0.1235909    
  9.0119317E-02
  8.3914265E-02
  0.8419600    
   1.101394    
  0.9938462    
  0.9464040    
  0.7791569    
  0.5766803    
  0.4000961    
  0.2693772    
  0.2237056    
  0.5029120    
   1.036685    
   1.117860    
  0.9499570    
  0.7083977    
  0.4920088    
  0.3311652    
  0.2676626    
  0.3499450    
   1.425594    
   1.728954    
   1.516609    
   1.141243    
  0.7913312    
  0.6766654    
   1.698258    
   1.948938    
   1.681889    
   1.259514    
  0.8745129    
  0.6387565    
  0.4627353    
  0.3340366    
  0.2539702    
  0.1987341    
  0.1651872    
  0.1539581    
  0.1410284    
  0.1272327    
  0.7459646    
  0.9465089    
  0.8541396    
  0.6623251    
  0.4776586    
  0.9676983    
   1.260674    
   1.173474    
   2.726547    
   3.172644    
   2.760195    
   2.072154    
   1.434595    
   1.875750    
   5.621204    
   6.918944    
   6.139460    
   5.830497    
   11.06124    
   13.63711    
   12.37006    
   9.503004    
   6.636991    
   4.394284    
   2.845546    
   2.098412    
   1.576537    
   1.188515    
  0.9113170    
  0.7235639    
  0.6014009    
  0.5235557    
  0.9014673    
   1.987102    
   4.653148    
   5.184940    
   7.300574    
   7.473013    
   6.211072    
   4.620056    
   3.993011    
   3.219979    
   2.437065    
   1.779996    
   3.951349    
   4.544000    
   3.988430    
   3.069619    
   2.219809    
   1.856271    
   1.513834    
   1.199367    
  0.9472226    
  0.7648528    
  0.6449967    
  0.6144329    
  0.5777866    
  0.5352904    
  0.4955630    
   1.641196    
   2.008057    
   1.828998    
   1.469993    
   1.421994    
   1.325954    
   2.297329    
   2.467770    
   2.124267    
   1.998234    
   1.726001    
   1.372673    
   1.452774    
   1.338030    
   1.110098    
  0.8771328    
  0.6893805    
  0.5553212    
   2.994919    
   4.170031    
   3.921457    
   3.096648    
   2.240121    
   7.989562    
   9.658651    
   8.486376    
   7.154310    
   12.25432    
   17.65600    
   17.08978    
   13.80837    
   10.01815    
   6.822205    
   4.509873    
   2.981992    
   2.030124    
   1.459684    
   1.141551    
   1.743328    
   3.100653    
   3.323666    
   8.996026    
   11.13220    
   10.23698    
   8.007225    
   5.739304    
   3.948502    
   2.703063    
   1.900112    
   1.406546    
   1.111511    
  0.9368951    
  0.8324873    
  0.7678608    
  0.7253293    
  0.6949248    
  0.6711623    
  0.6510789    
  0.6330974    
  0.6274853    
  0.6153086    
  0.5985458    
  0.5804896    
  0.5629596    
  0.8871565    
  0.9869809    
   1.109973    
   1.056423    
  0.9208308    
  0.8086783    
  0.7030463    
  0.6150653    
  0.5483717    
  0.5003938    
  0.4663849    
  0.6287460    
  0.7083209    
  0.6802435    
  0.6076401    
  0.6625486    
  0.7344818    
  0.7515734    
  0.7833630    
  0.8968890    
  0.9073714    
  0.8054699    
  0.6894009    
  0.5895625    
  0.5013479    
  0.4827056    
  0.4485666    
  0.4082285    
  0.7726498    
  0.9672524    
   1.370643    
   1.370740    
   1.152743    
  0.8932292    
  0.6744809    
  0.5159776    
  0.8440046    
   1.250535    
   1.307315    
   1.540565    
   1.734703    
   2.405287    
   3.081128    
   3.849331    
   3.633861    
   3.203433    
   2.512415    
   1.827692    
   1.284027    
  0.9516445    
  0.8667747    
  0.8844855    
  0.7981688    
  0.6786562    
  0.5559042    
  0.4542372    
  0.3796009    
  0.3283865    
  0.2943030    
  0.2715994    
  0.3409131    
  0.3578786    
  0.3928108    
  0.3787581    
  0.3405199    
  0.2996428    
  0.5652454    
  0.7149615    
  0.6983346    
  0.6034169    
  0.5786635    
  0.5108593    
  0.4324415    
  0.4607574    
  0.6481718    
  0.6638381    
  0.5740348    
  0.4593390    
  0.3598888    
  0.6692339    
   2.641217    
   5.288668    
   5.598835    
   4.632418    
   3.376348    
   2.296407    
   1.546854    
   1.236683    
  0.9762299    
  0.7481769    
  0.5689173    
  0.4408533    
  0.3551695    
  0.3000438    
  0.2651052    
  0.2427258    
  0.2278465    
  0.2173227    
  0.2098728    
  0.2034509    
  0.1975788    
  0.1921011    
  0.1877042    
  0.1830596    
  0.1782632    
  0.1735164    
  0.1689211    
  0.1645074    
  0.1602654    
  0.1561729    
  0.1522121    
  0.1483715    
  0.1446373    
  0.1410046    
  0.1374651    
  0.1340155    
  0.1306534    
  0.1273785    
  0.1241849    
  0.1243293    
  0.1223809    
  0.1189819    
  0.1151331    
  0.1113889    
  0.1079328    
  0.1047737    
  0.1018602    
  9.9134363E-02
  9.6549496E-02
  9.4073102E-02
  9.1684014E-02
  8.9368984E-02
  8.7121904E-02
  8.4933951E-02
  8.2802065E-02
  8.0726579E-02
  7.8702353E-02
  7.6728314E-02
  7.4805863E-02
  0.1668273    
  0.1962776    
  0.1818212    
  0.1523349    
  0.1237635    
  0.1015399    
  8.5957795E-02
  7.5565748E-02
  6.8730384E-02
  7.5394809E-02
  8.9017257E-02
  8.9454204E-02
  8.8481754E-02
  8.2376949E-02
  7.4053548E-02
  6.6231601E-02
  5.9968941E-02
  5.5308588E-02
  5.1913466E-02
  4.9399391E-02
  4.7456663E-02
  4.5869857E-02
  4.4503409E-02
  4.3270376E-02
  0.2849408    
  0.3887850    
  0.3636991    
  0.7254536    
  0.7935163    
  0.7526820    
  0.6073092    
  0.4438891    
  0.3075832    
  0.2094678    
  0.3524791    
  0.3812991    
  0.3289252    
  0.2531151    
   1.196502    
   1.482720    
   1.451552    
   1.470099    
   1.245831    
   1.024007    
   1.826511    
   1.953281    
   2.670945    
   2.585832    
   2.207003    
   1.671238    
   1.173074    
  0.7909653    
  0.5285783    
  0.3606450    
  0.2580342    
  0.4467654    
  0.4942504    
  0.8386341    
  0.8851143    
  0.7517180    
  0.5735282    
  0.4179589    
  0.4337708    
   1.115498    
   1.800396    
   1.934695    
   1.641454    
   1.228110    
  0.8600543    
  0.5872313    
  0.4211695    
  0.3116163    
  0.2396019    
  0.1932521    
  0.1639343    
  0.1680153    
  0.6319853    
  0.7770140    
  0.7014806    
  0.5522611    
  0.4226696    
   1.696639    
   2.079453    
   1.841487    
   1.400454    
  0.9845915    
  0.7420537    
   1.574306    
   1.982786    
   1.812178    
   1.411788    
   1.011568    
  0.6986361    
  0.5585726    
  0.4450349    
  0.4689429    
   1.666868    
   2.008933    
   1.772451    
   1.351483    
  0.9579442    
  0.6604513    
  0.4590028    
  0.3313114    
  0.2535821    
  0.2072480    
  0.1796760    
  0.1743799    
  0.2127209    
  0.2189289    
  0.2046321    
  0.2777480    
  0.2986988    
  0.3610480    
  0.3498439    
  0.3002697    
  0.3491350    
   1.194451    
   1.432502    
   1.263659    
   1.277257    
   1.103209    
  0.8513620    
  0.6172518    
  0.6166379    
  0.5810865    
  0.5030078    
  0.6843908    
  0.7115355    
  0.6522163    
  0.5451772    
  0.4248602    
  0.3218720    
  0.2456993    
  0.1940077    
  0.1606482    
  0.1396126    
  0.1263162    
  0.1369304    
  0.1373928    
  0.1303784    
  0.1211427    
  0.1125788    
  0.1586215    
   1.178464    
   1.502710    
   1.347594    
   1.031710    
  0.7290872    
  0.4980799    
  0.6560771    
  0.8025233    
   3.622480    
   4.432343    
   3.900783    
   2.931829    
   2.028362    
   1.341698    
  0.8749806    
  0.5791281    
  0.4000413    
  0.2948128    
  0.2339292    
  0.1986924    
  0.2617924    
  0.2929921    
  0.2904200    
  0.3688283    
  0.5689186    
  0.5901212    
  0.5081188    
   2.453671    
   4.983612    
   5.284653    
   4.370846    
   3.181095    
   2.157946    
   1.522067    
   1.092329    
  0.9303071    
  0.7656000    
  0.6286224    
  0.5019506    
  0.3989644    
  0.4216030    
  0.4084710    
  0.3650627    
  0.4854088    
   1.667285    
   2.463973    
   2.386002    
   1.911966    
   1.390785    
  0.9676830    
  0.6708612    
  0.8585454    
   1.274462    
   2.396340    
   3.332268    
   3.202167    
   2.711254    
   2.055448    
   1.459626    
   1.007933    
  0.8066344    
  0.6629534    
  0.5336692    
  0.4273620    
  0.3484136    
  0.2937848    
  0.2574625    
  0.2335856    
  0.2489018    
  0.8348551    
   1.017758    
  0.9226701    
  0.7346272    
  0.5547063    
  0.4167461    
  0.3219647    
  0.4113437    
  0.4231342    
  0.3788567    
  0.3190690    
  0.2657198    
  0.2253512    
  0.1971792    
  0.1846578    
  0.1739887    
  0.1689186    
  0.2506834    
  0.2752562    
  0.3100502    
  0.2948987    
  0.3853363    
  0.5008281    
  0.4944401    
  0.4192304    
  0.9588681    
   1.094168    
   1.037038    
  0.8545160    
  0.6447549    
  0.4669614    
  0.3792617    
  0.3111057    
  0.2601151    
  0.2164233    
  0.1911023    
  0.1686082    
  0.2272603    
  0.2718170    
  0.4578111    
  0.5589871    
  0.5181066    
  0.9567470    
   1.598920    
   1.635055    
   1.514063    
   1.214040    
  0.8895384    
  0.6220136    
  0.4302900    
  0.7582900    
  0.8410757    
  0.8381219    
  0.8292473    
  0.7055265    
  0.5457759    
  0.4038062    
  0.3125103    
  0.5163757    
  0.5627381    
  0.5067199    
  0.4579092    
  0.3960845    
  0.4584756    
  0.4358488    
  0.3644555    
  0.2868040    
  0.2229129    
  0.1989499    
  0.1865701    
  0.1674596    
  0.1468007    
  0.1330178    
  0.1207407    
  0.1322435    
  0.1313572    
  0.1221963    
  0.1110166    
  0.1010736    
  9.3276896E-02
  8.7443747E-02
  8.3079427E-02
  7.9708181E-02
  7.6971792E-02
  8.8267595E-02
  0.2172415    
  0.2556114    
  0.2627580    
  0.2866975    
  0.2607130    
  0.2127369    
  0.1655774    
  0.1284621    
  0.1114501    
  9.7274587E-02
  8.5051686E-02
  7.5354457E-02
  6.8162262E-02
  6.3002892E-02
  5.9296295E-02
  5.6551583E-02
  5.4413315E-02
  5.2647065E-02
  5.1774919E-02
  0.1122569    
  0.1313983    
  0.1328164    
  0.1169295    
  9.6463688E-02
  7.8423530E-02
  6.4889237E-02
  5.5540688E-02
  8.3717287E-02
  0.2848093    
  0.3419282    
  0.3036335    
  0.2350166    
  0.1797193    
  0.1340470    
  9.9786237E-02
  7.6067626E-02
  6.0546521E-02
  5.0726816E-02
  4.4586465E-02
  4.0699530E-02
  5.6522705E-02
  7.7144995E-02
