Welcome to - LAMMPS+Atomistica -

   Atomistica revision:  0.5.4+5.g7b25b96.dirty
   Atomistica rev date:  2017-10-19T16:38:02+0200
   Atomistica URL:       git@github.com:Atomistica/atomistica.git

   architecture:         x86_64

   build host:           Knut.local
   build date:           Jan 21 2018 22:18:21
   compiler version:     GNU Fortran (Homebrew GCC 7.2.0_1) 7.2.0
   compile options:      -D_MPI -DLAMMPS -DNO_BIND_C_OPTIONAL -O3 -funroll-loops -fPIC -I/usr/local//include -I/usr/local//include/mpi -ffree-form -ffree-line-length-none -x f95-cpp-input -I. -I../src -I../src/support -I../src/potentials

   run date:             Jan 21 2018 22:24:16

   Using MPI:            1 processes

- kumagai -
     el(1)  = Si
     A       =   0.32815904999999998E+04
     B       =   0.12100047000000001E+03
     lambda1 =   0.32300135000000001E+01
     lambda2 =   0.13457969999999999E+01
     eta     =   0.10000000000000000E+01
     delta   =   0.53298909000000005E+00
     alpha   =   0.23890327000000000E+01
     beta    = 1
     c1      =   0.20173476000000001E+00
     c2      =   0.73041871999999997E+06
     c3      =   0.10000000000000000E+07
     c4      =   0.10000000000000000E+01
     c5      =   0.26000000000000000E+02
     h       =  -0.36499999999999999E+00
     r1      =   0.27000000000000002E+01
     r2      =   0.32999999999999998E+01
- neighbors_dump_cutoffs -
     Communication border is .00000000000000000
     1-1 (Z = 14-14), cutoff = 3.29999999999999982

- kumagai -
     (Re)allocating internal neighbor list buffers.
     nebavg   = 13
     nebmax   = 30
     nebsize  = 83464
     Memory estimate: 5.73101806640625000 MB

- kumagai -
     (Re)allocating internal neighbor list buffers.
     nebavg   = 13
     nebmax   = 30
     nebsize  = 83648
     Memory estimate: 5.74365234375000000 MB

- kumagai -
     (Re)allocating internal neighbor list buffers.
     nebavg   = 14
     nebmax   = 30
     nebsize  = 84338
     Memory estimate: 5.79103088378906250 MB


   simulation started:  Jan 21 2018 22:24:16
   simulation ended:    Jan 21 2018 22:24:29

====> TIMINGS <====
                                                                   time[s]     calls
                                                                   -------     -----
 MDCORE                                                             12.410         1
   - kumagai_force                                                  12.245      1001
   - ** remainder **                                                 0.165
