\BOOKMARK [0][-]{chapter.1}{\376\377\000L\000i\000c\000e\000n\000s\000e\000\040\000a\000n\000d\000\040\000f\000u\000n\000d\000i\000n\000g}{}% 1
\BOOKMARK [0][-]{chapter.2}{\376\377\000I\000n\000s\000t\000a\000l\000l\000a\000t\000i\000o\000n}{}% 2
\BOOKMARK [1][-]{section.2.1}{\376\377\000I\000n\000s\000t\000a\000l\000l\000i\000n\000g\000\040\000P\000y\000t\000h\000o\000n}{chapter.2}% 3
\BOOKMARK [1][-]{section.2.2}{\376\377\000I\000n\000s\000t\000a\000l\000l\000i\000n\000g\000\040\000I\000N\000D\000R\000A}{chapter.2}% 4
\BOOKMARK [2][-]{subsection.2.2.1}{\376\377\000I\000n\000s\000t\000a\000l\000l\000i\000n\000g\000\040\000v\000i\000a\000\040\000G\000i\000t\000h\000u\000b}{section.2.2}% 5
\BOOKMARK [2][-]{subsection.2.2.2}{\376\377\000C\000l\000o\000n\000i\000n\000g\000\040\000t\000h\000e\000\040\000s\000o\000u\000r\000c\000e\000\040\000c\000o\000d\000e\000\040\000f\000r\000o\000m\000\040\000G\000i\000t\000h\000u\000b}{section.2.2}% 6
\BOOKMARK [2][-]{subsection.2.2.3}{\376\377\000I\000n\000s\000t\000a\000l\000l\000i\000n\000g\000\040\000r\000e\000l\000e\000a\000s\000e\000s\000\040\000w\000i\000t\000h\000\040\000p\000i\000p}{section.2.2}% 7
\BOOKMARK [1][-]{section.2.3}{\376\377\000I\000N\000D\000R\000A\000\040\000d\000e\000p\000e\000n\000d\000e\000n\000c\000i\000e\000s}{chapter.2}% 8
\BOOKMARK [2][-]{subsection.2.3.1}{\376\377\000P\000y\000S\000B\000\040\000a\000n\000d\000\040\000B\000i\000o\000N\000e\000t\000G\000e\000n}{section.2.3}% 9
\BOOKMARK [2][-]{subsection.2.3.2}{\376\377\000P\000y\000j\000n\000i\000u\000s}{section.2.3}% 10
\BOOKMARK [2][-]{subsection.2.3.3}{\376\377\000G\000r\000a\000p\000h\000v\000i\000z}{section.2.3}% 11
\BOOKMARK [2][-]{subsection.2.3.4}{\376\377\000M\000a\000t\000p\000l\000o\000t\000l\000i\000b}{section.2.3}% 12
\BOOKMARK [2][-]{subsection.2.3.5}{\376\377\000O\000p\000t\000i\000o\000n\000a\000l\000\040\000a\000d\000d\000i\000t\000i\000o\000n\000a\000l\000\040\000d\000e\000p\000e\000n\000d\000e\000n\000c\000i\000e\000s}{section.2.3}% 13
\BOOKMARK [1][-]{section.2.4}{\376\377\000C\000o\000n\000f\000i\000g\000u\000r\000i\000n\000g\000\040\000I\000N\000D\000R\000A}{chapter.2}% 14
\BOOKMARK [0][-]{chapter.3}{\376\377\000G\000e\000t\000t\000i\000n\000g\000\040\000s\000t\000a\000r\000t\000e\000d\000\040\000w\000i\000t\000h\000\040\000I\000N\000D\000R\000A}{}% 15
\BOOKMARK [1][-]{section.3.1}{\376\377\000I\000m\000p\000o\000r\000t\000i\000n\000g\000\040\000I\000N\000D\000R\000A\000\040\000a\000n\000d\000\040\000i\000t\000s\000\040\000m\000o\000d\000u\000l\000e\000s}{chapter.3}% 16
\BOOKMARK [1][-]{section.3.2}{\376\377\000B\000a\000s\000i\000c\000\040\000u\000s\000a\000g\000e\000\040\000e\000x\000a\000m\000p\000l\000e\000s}{chapter.3}% 17
\BOOKMARK [2][-]{subsection.3.2.1}{\376\377\000R\000e\000a\000d\000i\000n\000g\000\040\000a\000\040\000s\000e\000n\000t\000e\000n\000c\000e\000\040\000w\000i\000t\000h\000\040\000T\000R\000I\000P\000S}{section.3.2}% 18
\BOOKMARK [2][-]{subsection.3.2.2}{\376\377\000R\000e\000a\000d\000i\000n\000g\000\040\000a\000\040\000P\000u\000b\000M\000e\000d\000\040\000C\000e\000n\000t\000r\000a\000l\000\040\000a\000r\000t\000i\000c\000l\000e\000\040\000w\000i\000t\000h\000\040\000R\000E\000A\000C\000H}{section.3.2}% 19
\BOOKMARK [2][-]{subsection.3.2.3}{\376\377\000G\000e\000t\000t\000i\000n\000g\000\040\000t\000h\000e\000\040\000n\000e\000i\000g\000h\000b\000o\000r\000h\000o\000o\000d\000\040\000o\000f\000\040\000p\000r\000o\000t\000e\000i\000n\000s\000\040\000f\000r\000o\000m\000\040\000t\000h\000e\000\040\000B\000E\000L\000\040\000L\000a\000r\000g\000e\000\040\000C\000o\000r\000p\000u\000s}{section.3.2}% 20
\BOOKMARK [2][-]{subsection.3.2.4}{\376\377\000G\000e\000t\000t\000i\000n\000g\000\040\000p\000a\000t\000h\000s\000\040\000b\000e\000t\000w\000e\000e\000n\000\040\000t\000w\000o\000\040\000p\000r\000o\000t\000e\000i\000n\000s\000\040\000f\000r\000o\000m\000\040\000P\000a\000t\000h\000w\000a\000y\000C\000o\000m\000m\000o\000n\000s\000\040\000\050\000B\000i\000o\000P\000A\000X\000\051}{section.3.2}% 21
\BOOKMARK [2][-]{subsection.3.2.5}{\376\377\000C\000o\000n\000s\000t\000r\000u\000c\000t\000i\000n\000g\000\040\000I\000N\000D\000R\000A\000\040\000S\000t\000a\000t\000e\000m\000e\000n\000t\000s\000\040\000m\000a\000n\000u\000a\000l\000l\000y}{section.3.2}% 22
\BOOKMARK [2][-]{subsection.3.2.6}{\376\377\000A\000s\000s\000e\000m\000b\000l\000i\000n\000g\000\040\000a\000\040\000P\000y\000S\000B\000\040\000m\000o\000d\000e\000l\000\040\000a\000n\000d\000\040\000e\000x\000p\000o\000r\000t\000i\000n\000g\000\040\000t\000o\000\040\000S\000B\000M\000L}{section.3.2}% 23
\BOOKMARK [0][-]{chapter.4}{\376\377\000I\000N\000D\000R\000A\000\040\000m\000o\000d\000u\000l\000e\000s\000\040\000r\000e\000f\000e\000r\000e\000n\000c\000e}{}% 24
\BOOKMARK [1][-]{section.4.1}{\376\377\000I\000N\000D\000R\000A\000\040\000S\000t\000a\000t\000e\000m\000e\000n\000t\000s\000\040\000\050\000i\000n\000d\000r\000a\000.\000s\000t\000a\000t\000e\000m\000e\000n\000t\000s\000\051}{chapter.4}% 25
\BOOKMARK [1][-]{section.4.2}{\376\377\000P\000r\000o\000c\000e\000s\000s\000o\000r\000s\000\040\000f\000o\000r\000\040\000k\000n\000o\000w\000l\000e\000d\000g\000e\000\040\000i\000n\000p\000u\000t\000\040\000\050\000i\000n\000d\000r\000a\000.\000s\000o\000u\000r\000c\000e\000s\000\051}{chapter.4}% 26
\BOOKMARK [2][-]{subsection.4.2.1}{\376\377\000B\000E\000L\000\040\000\050\000i\000n\000d\000r\000a\000.\000s\000o\000u\000r\000c\000e\000s\000.\000b\000e\000l\000\051}{section.4.2}% 27
\BOOKMARK [2][-]{subsection.4.2.2}{\376\377\000B\000i\000o\000p\000a\000x\000\040\000\050\000i\000n\000d\000r\000a\000.\000s\000o\000u\000r\000c\000e\000s\000.\000b\000i\000o\000p\000a\000x\000\051}{section.4.2}% 28
\BOOKMARK [2][-]{subsection.4.2.3}{\376\377\000R\000E\000A\000C\000H\000\040\000\050\000i\000n\000d\000r\000a\000.\000s\000o\000u\000r\000c\000e\000s\000.\000r\000e\000a\000c\000h\000\051}{section.4.2}% 29
\BOOKMARK [2][-]{subsection.4.2.4}{\376\377\000T\000R\000I\000P\000S\000\040\000\050\000i\000n\000d\000r\000a\000.\000s\000o\000u\000r\000c\000e\000s\000.\000t\000r\000i\000p\000s\000\051}{section.4.2}% 30
\BOOKMARK [2][-]{subsection.4.2.5}{\376\377\000N\000D\000E\000x\000\040\000C\000X\000\040\000A\000P\000I\000\040\000\050\000i\000n\000d\000r\000a\000.\000s\000o\000u\000r\000c\000e\000s\000.\000n\000d\000e\000x\000\137\000c\000x\000\137\000a\000p\000i\000\051}{section.4.2}% 31
\BOOKMARK [2][-]{subsection.4.2.6}{\376\377\000S\000I\000G\000N\000O\000R\000\040\000\050\000i\000n\000d\000r\000a\000.\000s\000o\000u\000r\000c\000e\000s\000.\000s\000i\000g\000n\000o\000r\000\051}{section.4.2}% 32
\BOOKMARK [2][-]{subsection.4.2.7}{\376\377\000G\000e\000n\000e\000w\000a\000y\000s\000\040\000\050\000i\000n\000d\000r\000a\000.\000s\000o\000u\000r\000c\000e\000s\000.\000g\000e\000n\000e\000w\000a\000y\000s\000\051}{section.4.2}% 33
\BOOKMARK [2][-]{subsection.4.2.8}{\376\377\000T\000E\000E\000S\000\040\000\050\000i\000n\000d\000r\000a\000.\000s\000o\000u\000r\000c\000e\000s\000.\000t\000e\000e\000s\000\051}{section.4.2}% 34
\BOOKMARK [2][-]{subsection.4.2.9}{\376\377\000E\000i\000d\000o\000s\000\040\000\050\000i\000n\000d\000r\000a\000.\000s\000o\000u\000r\000c\000e\000s\000.\000e\000i\000d\000o\000s\000\051}{section.4.2}% 35
\BOOKMARK [2][-]{subsection.4.2.10}{\376\377\000C\000W\000M\000S\000\040\000\050\000i\000n\000d\000r\000a\000.\000s\000o\000u\000r\000c\000e\000s\000.\000c\000w\000m\000s\000\051}{section.4.2}% 36
\BOOKMARK [2][-]{subsection.4.2.11}{\376\377\000B\000i\000o\000G\000r\000i\000d\000\040\000\050\000i\000n\000d\000r\000a\000.\000s\000o\000u\000r\000c\000e\000s\000.\000b\000i\000o\000g\000r\000i\000d\000\051}{section.4.2}% 37
\BOOKMARK [1][-]{section.4.3}{\376\377\000D\000a\000t\000a\000b\000a\000s\000e\000\040\000c\000l\000i\000e\000n\000t\000s\000\040\000\050\000i\000n\000d\000r\000a\000.\000d\000a\000t\000a\000b\000a\000s\000e\000s\000\051}{chapter.4}% 38
\BOOKMARK [2][-]{subsection.4.3.1}{\376\377\000H\000G\000N\000C\000\040\000c\000l\000i\000e\000n\000t\000\040\000\050\000i\000n\000d\000r\000a\000.\000h\000g\000n\000c\000\137\000c\000l\000i\000e\000n\000t\000\051}{section.4.3}% 39
\BOOKMARK [2][-]{subsection.4.3.2}{\376\377\000U\000n\000i\000p\000r\000o\000t\000\040\000c\000l\000i\000e\000n\000t\000\040\000\050\000i\000n\000d\000r\000a\000.\000d\000a\000t\000a\000b\000a\000s\000e\000s\000.\000u\000n\000i\000p\000r\000o\000t\000\137\000c\000l\000i\000e\000n\000t\000\051}{section.4.3}% 40
\BOOKMARK [2][-]{subsection.4.3.3}{\376\377\000C\000h\000E\000B\000I\000\040\000c\000l\000i\000e\000n\000t\000\040\000\050\000i\000n\000d\000r\000a\000.\000d\000a\000t\000a\000b\000a\000s\000e\000s\000.\000c\000h\000e\000b\000i\000\137\000c\000l\000i\000e\000n\000t\000\051}{section.4.3}% 41
\BOOKMARK [2][-]{subsection.4.3.4}{\376\377\000B\000i\000o\000G\000R\000I\000D\000\040\000c\000l\000i\000e\000n\000t\000\040\000\050\000i\000n\000d\000r\000a\000.\000d\000a\000t\000a\000b\000a\000s\000e\000s\000.\000b\000i\000o\000g\000r\000i\000d\000\137\000c\000l\000i\000e\000n\000t\000\051}{section.4.3}% 42
\BOOKMARK [2][-]{subsection.4.3.5}{\376\377\000C\000e\000l\000l\000\040\000t\000y\000p\000e\000\040\000c\000o\000n\000t\000e\000x\000t\000\040\000c\000l\000i\000e\000n\000t\000\040\000\050\000i\000n\000d\000r\000a\000.\000d\000a\000t\000a\000b\000a\000s\000e\000s\000.\000c\000o\000n\000t\000e\000x\000t\000\137\000c\000l\000i\000e\000n\000t\000\051}{section.4.3}% 43
\BOOKMARK [2][-]{subsection.4.3.6}{\376\377\000N\000e\000t\000w\000o\000r\000k\000\040\000r\000e\000l\000e\000v\000a\000n\000c\000e\000\040\000c\000l\000i\000e\000n\000t\000\040\000\050\000i\000n\000d\000r\000a\000.\000d\000a\000t\000a\000b\000a\000s\000e\000s\000.\000r\000e\000l\000e\000v\000a\000n\000c\000e\000\137\000c\000l\000i\000e\000n\000t\000\051}{section.4.3}% 44
\BOOKMARK [2][-]{subsection.4.3.7}{\376\377\000N\000D\000E\000x\000\040\000c\000l\000i\000e\000n\000t\000\040\000\050\000i\000n\000d\000r\000a\000.\000d\000a\000t\000a\000b\000a\000s\000e\000s\000.\000n\000d\000e\000x\000\137\000c\000l\000i\000e\000n\000t\000\051}{section.4.3}% 45
\BOOKMARK [2][-]{subsection.4.3.8}{\376\377\000c\000B\000i\000o\000\040\000p\000o\000r\000t\000a\000l\000\040\000c\000l\000i\000e\000n\000t\000\040\000\050\000i\000n\000d\000r\000a\000.\000d\000a\000t\000a\000b\000a\000s\000e\000s\000.\000c\000b\000i\000o\000\137\000c\000l\000i\000e\000n\000t\000\051}{section.4.3}% 46
\BOOKMARK [2][-]{subsection.4.3.9}{\376\377\000C\000h\000E\000M\000B\000L\000\040\000c\000l\000i\000e\000n\000t\000\040\000\050\000i\000n\000d\000r\000a\000.\000d\000a\000t\000a\000b\000a\000s\000e\000s\000.\000c\000h\000e\000m\000b\000l\000\137\000c\000l\000i\000e\000n\000t\000\051}{section.4.3}% 47
\BOOKMARK [1][-]{section.4.4}{\376\377\000L\000i\000t\000e\000r\000a\000t\000u\000r\000e\000\040\000c\000l\000i\000e\000n\000t\000s\000\040\000\050\000i\000n\000d\000r\000a\000.\000l\000i\000t\000e\000r\000a\000t\000u\000r\000e\000\051}{chapter.4}% 48
\BOOKMARK [2][-]{subsection.4.4.1}{\376\377\000P\000u\000b\000m\000e\000d\000\040\000c\000l\000i\000e\000n\000t\000\040\000\050\000i\000n\000d\000r\000a\000.\000l\000i\000t\000e\000r\000a\000t\000u\000r\000e\000.\000p\000u\000b\000m\000e\000d\000\137\000c\000l\000i\000e\000n\000t\000\051}{section.4.4}% 49
\BOOKMARK [2][-]{subsection.4.4.2}{\376\377\000P\000u\000b\000m\000e\000d\000\040\000C\000e\000n\000t\000r\000a\000l\000\040\000c\000l\000i\000e\000n\000t\000\040\000\050\000i\000n\000d\000r\000a\000.\000l\000i\000t\000e\000r\000a\000t\000u\000r\000e\000.\000p\000m\000c\000\137\000c\000l\000i\000e\000n\000t\000\051}{section.4.4}% 50
\BOOKMARK [2][-]{subsection.4.4.3}{\376\377\000C\000r\000o\000s\000s\000R\000e\000f\000\040\000c\000l\000i\000e\000n\000t\000\040\000\050\000i\000n\000d\000r\000a\000.\000l\000i\000t\000e\000r\000a\000t\000u\000r\000e\000.\000c\000r\000o\000s\000s\000r\000e\000f\000\137\000c\000l\000i\000e\000n\000t\000\051}{section.4.4}% 51
\BOOKMARK [2][-]{subsection.4.4.4}{\376\377\000E\000l\000s\000e\000v\000i\000e\000r\000\040\000c\000l\000i\000e\000n\000t\000\040\000\050\000i\000n\000d\000r\000a\000.\000l\000i\000t\000e\000r\000a\000t\000u\000r\000e\000.\000e\000l\000s\000e\000v\000i\000e\000r\000\137\000c\000l\000i\000e\000n\000t\000\051}{section.4.4}% 52
\BOOKMARK [1][-]{section.4.5}{\376\377\000P\000r\000e\000a\000s\000s\000e\000m\000b\000l\000y\000\040\000\050\000i\000n\000d\000r\000a\000.\000p\000r\000e\000a\000s\000s\000e\000m\000b\000l\000e\000r\000\051}{chapter.4}% 53
\BOOKMARK [2][-]{subsection.4.5.1}{\376\377\000P\000r\000e\000a\000s\000s\000e\000m\000b\000l\000e\000r\000\040\000\050\000i\000n\000d\000r\000a\000.\000p\000r\000e\000a\000s\000s\000e\000m\000b\000l\000e\000r\000\051}{section.4.5}% 54
\BOOKMARK [2][-]{subsection.4.5.2}{\376\377\000E\000n\000t\000i\000t\000y\000\040\000g\000r\000o\000u\000n\000d\000i\000n\000g\000\040\000c\000u\000r\000a\000t\000i\000o\000n\000\040\000a\000n\000d\000\040\000m\000a\000p\000p\000i\000n\000g\000\040\000\050\000i\000n\000d\000r\000a\000.\000p\000r\000e\000a\000s\000s\000e\000m\000b\000l\000e\000r\000.\000g\000r\000o\000u\000n\000d\000i\000n\000g\000\137\000m\000a\000p\000p\000e\000r\000\051}{section.4.5}% 55
\BOOKMARK [2][-]{subsection.4.5.3}{\376\377\000S\000i\000t\000e\000\040\000c\000u\000r\000a\000t\000i\000o\000n\000\040\000a\000n\000d\000\040\000m\000a\000p\000p\000i\000n\000g\000\040\000\050\000i\000n\000d\000r\000a\000.\000p\000r\000e\000a\000s\000s\000e\000m\000b\000l\000e\000r\000.\000s\000i\000t\000e\000m\000a\000p\000p\000e\000r\000\051}{section.4.5}% 56
\BOOKMARK [2][-]{subsection.4.5.4}{\376\377\000H\000i\000e\000r\000a\000r\000c\000h\000y\000\040\000m\000a\000n\000a\000g\000e\000r\000\040\000\050\000i\000n\000d\000r\000a\000.\000p\000r\000e\000a\000s\000s\000e\000m\000b\000l\000e\000r\000.\000h\000i\000e\000r\000a\000r\000c\000h\000y\000\137\000m\000a\000n\000a\000g\000e\000r\000\051}{section.4.5}% 57
\BOOKMARK [1][-]{section.4.6}{\376\377\000B\000e\000l\000i\000e\000f\000\040\000E\000n\000g\000i\000n\000e\000\040\000\050\000i\000n\000d\000r\000a\000.\000b\000e\000l\000i\000e\000f\000\051}{chapter.4}% 58
\BOOKMARK [1][-]{section.4.7}{\376\377\000M\000e\000c\000h\000a\000n\000i\000s\000m\000\040\000L\000i\000n\000k\000e\000r\000\040\000\050\000i\000n\000d\000r\000a\000.\000m\000e\000c\000h\000l\000i\000n\000k\000e\000r\000\051}{chapter.4}% 59
\BOOKMARK [1][-]{section.4.8}{\376\377\000A\000s\000s\000e\000m\000b\000l\000e\000r\000s\000\040\000o\000f\000\040\000m\000o\000d\000e\000l\000\040\000o\000u\000t\000p\000u\000t\000\040\000\050\000i\000n\000d\000r\000a\000.\000a\000s\000s\000e\000m\000b\000l\000e\000r\000s\000\051}{chapter.4}% 60
\BOOKMARK [2][-]{subsection.4.8.1}{\376\377\000E\000x\000e\000c\000u\000t\000a\000b\000l\000e\000\040\000P\000y\000S\000B\000\040\000m\000o\000d\000e\000l\000s\000\040\000\050\000i\000n\000d\000r\000a\000.\000a\000s\000s\000e\000m\000b\000l\000e\000r\000s\000.\000p\000y\000s\000b\000\137\000a\000s\000s\000e\000m\000b\000l\000e\000r\000\051}{section.4.8}% 61
\BOOKMARK [2][-]{subsection.4.8.2}{\376\377\000C\000y\000t\000o\000s\000c\000a\000p\000e\000\040\000n\000e\000t\000w\000o\000r\000k\000s\000\040\000\050\000i\000n\000d\000r\000a\000.\000a\000s\000s\000e\000m\000b\000l\000e\000r\000s\000.\000c\000x\000\137\000a\000s\000s\000e\000m\000b\000l\000e\000r\000\051}{section.4.8}% 62
\BOOKMARK [2][-]{subsection.4.8.3}{\376\377\000N\000a\000t\000u\000r\000a\000l\000\040\000l\000a\000n\000g\000u\000a\000g\000e\000\040\000\050\000i\000n\000d\000r\000a\000.\000a\000s\000s\000e\000m\000b\000l\000e\000r\000s\000.\000e\000n\000g\000l\000i\000s\000h\000\137\000a\000s\000s\000e\000m\000b\000l\000e\000r\000\051}{section.4.8}% 63
\BOOKMARK [2][-]{subsection.4.8.4}{\376\377\000N\000o\000d\000e\000-\000e\000d\000g\000e\000\040\000g\000r\000a\000p\000h\000s\000\040\000\050\000i\000n\000d\000r\000a\000.\000a\000s\000s\000e\000m\000b\000l\000e\000r\000s\000.\000g\000r\000a\000p\000h\000\137\000a\000s\000s\000e\000m\000b\000l\000e\000r\000\051}{section.4.8}% 64
\BOOKMARK [2][-]{subsection.4.8.5}{\376\377\000S\000I\000F\000\040\000/\000\040\000B\000o\000o\000l\000e\000a\000n\000\040\000n\000e\000t\000w\000o\000r\000k\000s\000\040\000\050\000i\000n\000d\000r\000a\000.\000a\000s\000s\000e\000m\000b\000l\000e\000r\000s\000.\000s\000i\000f\000\137\000a\000s\000s\000e\000m\000b\000l\000e\000r\000\051}{section.4.8}% 65
\BOOKMARK [2][-]{subsection.4.8.6}{\376\377\000M\000I\000T\000R\000E\000\040\040\034\000i\000n\000d\000e\000x\000\040\000c\000a\000r\000d\000s\040\035\000\040\000\050\000i\000n\000d\000r\000a\000.\000a\000s\000s\000e\000m\000b\000l\000e\000r\000s\000.\000i\000n\000d\000e\000x\000\137\000c\000a\000r\000d\000\137\000a\000s\000s\000e\000m\000b\000l\000e\000r\000\051}{section.4.8}% 66
\BOOKMARK [2][-]{subsection.4.8.7}{\376\377\000S\000B\000G\000N\000\040\000o\000u\000t\000p\000u\000t\000\040\000\050\000i\000n\000d\000r\000a\000.\000a\000s\000s\000e\000m\000b\000l\000e\000r\000s\000.\000s\000b\000g\000n\000\137\000a\000s\000s\000e\000m\000b\000l\000e\000r\000\051}{section.4.8}% 67
\BOOKMARK [2][-]{subsection.4.8.8}{\376\377\000C\000y\000t\000o\000s\000c\000a\000p\000e\000\040\000J\000S\000\040\000n\000e\000t\000w\000o\000r\000k\000s\000\040\000\050\000i\000n\000d\000r\000a\000.\000a\000s\000s\000e\000m\000b\000l\000e\000r\000s\000.\000c\000y\000j\000s\000\137\000a\000s\000s\000e\000m\000b\000l\000e\000r\000\051}{section.4.8}% 68
\BOOKMARK [2][-]{subsection.4.8.9}{\376\377\000C\000a\000u\000s\000a\000l\000\040\000a\000n\000a\000l\000y\000s\000i\000s\000\040\000g\000r\000a\000p\000h\000s\000\040\000\050\000i\000n\000d\000r\000a\000.\000a\000s\000s\000e\000m\000b\000l\000e\000r\000s\000.\000c\000a\000g\000\137\000a\000s\000s\000e\000m\000b\000l\000e\000r\000\051}{section.4.8}% 69
\BOOKMARK [2][-]{subsection.4.8.10}{\376\377\000T\000a\000b\000u\000l\000a\000r\000\040\000o\000u\000t\000p\000u\000t\000\040\000\050\000i\000n\000d\000r\000a\000.\000a\000s\000s\000e\000m\000b\000l\000e\000r\000s\000.\000t\000s\000v\000\137\000a\000s\000s\000e\000m\000b\000l\000e\000r\000\051}{section.4.8}% 70
\BOOKMARK [1][-]{section.4.9}{\376\377\000E\000x\000p\000l\000a\000n\000a\000t\000i\000o\000n\000\040\000\050\000i\000n\000d\000r\000a\000.\000e\000x\000p\000l\000a\000n\000a\000t\000i\000o\000n\000\051}{chapter.4}% 71
\BOOKMARK [2][-]{subsection.4.9.1}{\376\377\000C\000h\000e\000c\000k\000\040\000w\000h\000e\000t\000h\000e\000r\000\040\000a\000\040\000r\000u\000l\000e\000-\000b\000a\000s\000e\000d\000\040\000m\000o\000d\000e\000l\000\040\000s\000a\000t\000i\000s\000f\000i\000e\000s\000\040\000a\000\040\000p\000r\000o\000p\000e\000r\000t\000y\000\040\000\050\000i\000n\000d\000r\000a\000.\000e\000x\000p\000l\000a\000n\000a\000t\000i\000o\000n\000.\000m\000o\000d\000e\000l\000\137\000c\000h\000e\000c\000k\000e\000r\000\051}{section.4.9}% 72
\BOOKMARK [1][-]{section.4.10}{\376\377\000T\000o\000o\000l\000s\000\040\000\050\000i\000n\000d\000r\000a\000.\000t\000o\000o\000l\000s\000\051}{chapter.4}% 73
\BOOKMARK [2][-]{subsection.4.10.1}{\376\377\000R\000u\000n\000\040\000a\000s\000s\000e\000m\000b\000l\000y\000\040\000c\000o\000m\000p\000o\000n\000e\000n\000t\000s\000\040\000i\000n\000\040\000a\000\040\000p\000i\000p\000e\000l\000i\000n\000e\000\040\000\050\000i\000n\000d\000r\000a\000.\000t\000o\000o\000l\000s\000.\000a\000s\000s\000e\000m\000b\000l\000e\000\137\000c\000o\000r\000p\000u\000s\000\051}{section.4.10}% 74
\BOOKMARK [2][-]{subsection.4.10.2}{\376\377\000B\000u\000i\000l\000d\000\040\000a\000\040\000n\000e\000t\000w\000o\000r\000k\000\040\000f\000r\000o\000m\000\040\000a\000\040\000g\000e\000n\000e\000\040\000l\000i\000s\000t\000\040\000\050\000i\000n\000d\000r\000a\000.\000t\000o\000o\000l\000s\000.\000g\000e\000n\000e\000\137\000n\000e\000t\000w\000o\000r\000k\000\051}{section.4.10}% 75
\BOOKMARK [2][-]{subsection.4.10.3}{\376\377\000B\000u\000i\000l\000d\000\040\000a\000n\000\040\000e\000x\000e\000c\000u\000t\000a\000b\000l\000e\000\040\000m\000o\000d\000e\000l\000\040\000f\000r\000o\000m\000\040\000a\000\040\000f\000r\000a\000g\000m\000e\000n\000t\000\040\000o\000f\000\040\000a\000\040\000l\000a\000r\000g\000e\000\040\000n\000e\000t\000w\000o\000r\000k\000\040\000\050\000i\000n\000d\000r\000a\000.\000t\000o\000o\000l\000s\000.\000e\000x\000e\000c\000u\000t\000a\000b\000l\000e\000\137\000s\000u\000b\000n\000e\000t\000w\000o\000r\000k\000\051}{section.4.10}% 76
\BOOKMARK [2][-]{subsection.4.10.4}{\376\377\000B\000u\000i\000l\000d\000\040\000a\000\040\000m\000o\000d\000e\000l\000\040\000i\000n\000c\000r\000e\000m\000e\000n\000t\000a\000l\000l\000y\000\040\000o\000v\000e\000r\000\040\000t\000i\000m\000e\000\040\000\050\000i\000n\000d\000r\000a\000.\000t\000o\000o\000l\000s\000.\000i\000n\000c\000r\000e\000m\000e\000n\000t\000a\000l\000\137\000m\000o\000d\000e\000l\000\051}{section.4.10}% 77
\BOOKMARK [2][-]{subsection.4.10.5}{\376\377\000T\000h\000e\000\040\000R\000A\000S\000\040\000M\000a\000c\000h\000i\000n\000e\000\040\000\050\000i\000n\000d\000r\000a\000.\000t\000o\000o\000l\000s\000.\000m\000a\000c\000h\000i\000n\000e\000\051}{section.4.10}% 78
\BOOKMARK [1][-]{section.4.11}{\376\377\000I\000N\000D\000R\000A\000\040\000D\000a\000t\000a\000b\000a\000s\000e\000\040\000t\000o\000o\000l\000s\000\040\000\050\000i\000n\000d\000r\000a\000.\000d\000b\000\051}{chapter.4}% 79
\BOOKMARK [2][-]{subsection.4.11.1}{\376\377\000D\000a\000t\000a\000b\000a\000s\000e\000\040\000M\000a\000n\000a\000g\000e\000r\000\040\000\050\000i\000n\000d\000r\000a\000.\000d\000b\000.\000d\000a\000t\000a\000b\000a\000s\000e\000\137\000m\000a\000n\000a\000g\000e\000r\000\051}{section.4.11}% 80
\BOOKMARK [2][-]{subsection.4.11.2}{\376\377\000C\000o\000n\000t\000e\000n\000t\000\040\000M\000a\000n\000a\000g\000e\000r\000\040\000\050\000i\000n\000d\000r\000a\000.\000d\000b\000.\000c\000o\000n\000t\000e\000n\000t\000\137\000m\000a\000n\000a\000g\000e\000r\000\051}{section.4.11}% 81
\BOOKMARK [2][-]{subsection.4.11.3}{\376\377\000U\000t\000i\000l\000i\000t\000i\000e\000s\000\040\000\050\000i\000n\000d\000r\000a\000.\000d\000b\000.\000u\000t\000i\000l\000\051}{section.4.11}% 82
\BOOKMARK [0][-]{chapter.5}{\376\377\000T\000u\000t\000o\000r\000i\000a\000l\000s}{}% 83
\BOOKMARK [1][-]{section.5.1}{\376\377\000U\000s\000i\000n\000g\000\040\000n\000a\000t\000u\000r\000a\000l\000\040\000l\000a\000n\000g\000u\000a\000g\000e\000\040\000t\000o\000\040\000b\000u\000i\000l\000d\000\040\000m\000o\000d\000e\000l\000s}{chapter.5}% 84
\BOOKMARK [2][-]{subsection.5.1.1}{\376\377\000R\000e\000a\000d\000\040\000I\000N\000D\000R\000A\000\040\000S\000t\000a\000t\000e\000m\000e\000n\000t\000s\000\040\000f\000r\000o\000m\000\040\000a\000\040\000n\000a\000t\000u\000r\000a\000l\000\040\000l\000a\000n\000g\000u\000a\000g\000e\000\040\000s\000t\000r\000i\000n\000g}{section.5.1}% 85
\BOOKMARK [2][-]{subsection.5.1.2}{\376\377\000A\000s\000s\000e\000m\000b\000l\000e\000\040\000t\000h\000e\000\040\000I\000N\000D\000R\000A\000\040\000S\000t\000a\000t\000e\000m\000e\000n\000t\000s\000\040\000i\000n\000t\000o\000\040\000a\000\040\000r\000u\000l\000e\000-\000b\000a\000s\000e\000d\000\040\000e\000x\000e\000c\000u\000t\000a\000b\000l\000e\000\040\000m\000o\000d\000e\000l}{section.5.1}% 86
\BOOKMARK [2][-]{subsection.5.1.3}{\376\377\000E\000x\000p\000o\000r\000t\000i\000n\000g\000\040\000t\000h\000e\000\040\000m\000o\000d\000e\000l\000\040\000i\000n\000t\000o\000\040\000o\000t\000h\000e\000r\000\040\000c\000o\000m\000m\000o\000n\000\040\000f\000o\000r\000m\000a\000t\000s}{section.5.1}% 87
\BOOKMARK [1][-]{section.5.2}{\376\377\000L\000a\000r\000g\000e\000-\000S\000c\000a\000l\000e\000\040\000M\000a\000c\000h\000i\000n\000e\000\040\000R\000e\000a\000d\000i\000n\000g\000\040\000w\000i\000t\000h\000\040\000S\000t\000a\000r\000c\000l\000u\000s\000t\000e\000r}{chapter.5}% 88
\BOOKMARK [2][-]{subsection.5.2.1}{\376\377\000I\000n\000s\000t\000a\000l\000l\000\040\000R\000E\000A\000C\000H}{section.5.2}% 89
\BOOKMARK [2][-]{subsection.5.2.2}{\376\377\000I\000n\000s\000t\000a\000l\000l\000\040\000A\000m\000a\000z\000o\000n\000\040\000S\0003\000\040\000s\000u\000p\000p\000o\000r\000t}{section.5.2}% 90
\BOOKMARK [2][-]{subsection.5.2.3}{\376\377\000I\000n\000s\000t\000a\000l\000l\000\040\000o\000t\000h\000e\000r\000\040\000d\000e\000p\000e\000n\000d\000e\000n\000c\000i\000e\000s}{section.5.2}% 91
\BOOKMARK [2][-]{subsection.5.2.4}{\376\377\000A\000s\000s\000e\000m\000b\000l\000e\000\040\000a\000\040\000C\000o\000r\000p\000u\000s\000\040\000o\000f\000\040\000P\000M\000I\000D\000s}{section.5.2}% 92
\BOOKMARK [2][-]{subsection.5.2.5}{\376\377\000P\000r\000o\000c\000e\000s\000s\000\040\000t\000h\000e\000\040\000p\000a\000p\000e\000r\000s\000\040\000w\000i\000t\000h\000\040\000R\000E\000A\000C\000H}{section.5.2}% 93
\BOOKMARK [2][-]{subsection.5.2.6}{\376\377\000E\000x\000t\000r\000a\000c\000t\000\040\000I\000N\000D\000R\000A\000\040\000S\000t\000a\000t\000e\000m\000e\000n\000t\000s\000\040\000f\000r\000o\000m\000\040\000t\000h\000e\000\040\000R\000E\000A\000C\000H\000\040\000o\000u\000t\000p\000u\000t\000\040\000o\000n\000\040\000S\0003}{section.5.2}% 94
\BOOKMARK [2][-]{subsection.5.2.7}{\376\377\000R\000u\000n\000n\000i\000n\000g\000\040\000t\000h\000e\000\040\000w\000h\000o\000l\000e\000\040\000p\000i\000p\000e\000l\000i\000n\000e\000\040\000w\000i\000t\000h\000\040\000o\000n\000e\000\040\000s\000c\000r\000i\000p\000t}{section.5.2}% 95
\BOOKMARK [1][-]{section.5.3}{\376\377\000L\000a\000r\000g\000e\000-\000S\000c\000a\000l\000e\000\040\000M\000a\000c\000h\000i\000n\000e\000\040\000R\000e\000a\000d\000i\000n\000g\000\040\000w\000i\000t\000h\000\040\000A\000m\000a\000z\000o\000n\000\040\000B\000a\000t\000c\000h}{chapter.5}% 96
\BOOKMARK [2][-]{subsection.5.3.1}{\376\377\000H\000o\000w\000\040\000i\000t\000\040\000W\000o\000r\000k\000s}{section.5.3}% 97
\BOOKMARK [1][-]{section.5.4}{\376\377\000A\000s\000s\000e\000m\000b\000l\000i\000n\000g\000\040\000e\000v\000e\000r\000y\000t\000h\000i\000n\000g\000\040\000k\000n\000o\000w\000n\000\040\000a\000b\000o\000u\000t\000\040\000a\000\040\000p\000a\000r\000t\000i\000c\000u\000l\000a\000r\000\040\000g\000e\000n\000e}{chapter.5}% 98
\BOOKMARK [2][-]{subsection.5.4.1}{\376\377\000C\000o\000l\000l\000e\000c\000t\000\040\000m\000e\000c\000h\000a\000n\000i\000s\000m\000s\000\040\000f\000r\000o\000m\000\040\000P\000a\000t\000h\000w\000a\000y\000C\000o\000m\000m\000o\000n\000s\000\040\000a\000n\000d\000\040\000t\000h\000e\000\040\000B\000E\000L\000\040\000L\000a\000r\000g\000e\000\040\000C\000o\000r\000p\000u\000s}{section.5.4}% 99
\BOOKMARK [2][-]{subsection.5.4.2}{\376\377\000C\000o\000l\000l\000e\000c\000t\000\040\000a\000\040\000l\000i\000s\000t\000\040\000o\000f\000\040\000p\000u\000b\000l\000i\000c\000a\000t\000i\000o\000n\000s\000\040\000t\000h\000a\000t\000\040\000d\000i\000s\000c\000u\000s\000s\000\040\000t\000h\000e\000\040\000g\000e\000n\000e\000\040\000o\000f\000\040\000i\000n\000t\000e\000r\000e\000s\000t}{section.5.4}% 100
\BOOKMARK [2][-]{subsection.5.4.3}{\376\377\000G\000e\000t\000\040\000t\000h\000e\000\040\000f\000u\000l\000l\000\040\000t\000e\000x\000t\000\040\000o\000r\000\040\000a\000b\000s\000t\000r\000a\000c\000t\000\040\000c\000o\000r\000r\000e\000s\000p\000o\000n\000d\000i\000n\000g\000\040\000t\000o\000\040\000t\000h\000e\000\040\000p\000u\000b\000l\000i\000c\000a\000t\000i\000o\000n\000s}{section.5.4}% 101
\BOOKMARK [2][-]{subsection.5.4.4}{\376\377\000R\000e\000a\000d\000\040\000t\000h\000e\000\040\000c\000o\000n\000t\000e\000n\000t\000\040\000o\000f\000\040\000t\000h\000e\000\040\000p\000u\000b\000l\000i\000c\000a\000t\000i\000o\000n\000s}{section.5.4}% 102
\BOOKMARK [2][-]{subsection.5.4.5}{\376\377\000C\000o\000m\000b\000i\000n\000e\000\040\000a\000l\000l\000\040\000s\000t\000a\000t\000e\000m\000e\000n\000t\000s\000\040\000a\000n\000d\000\040\000r\000u\000n\000\040\000p\000r\000e\000-\000a\000s\000s\000e\000m\000b\000l\000y}{section.5.4}% 103
\BOOKMARK [2][-]{subsection.5.4.6}{\376\377\000A\000s\000s\000e\000m\000b\000l\000e\000\040\000t\000h\000e\000\040\000s\000t\000a\000t\000e\000m\000e\000n\000t\000s\000\040\000i\000n\000t\000o\000\040\000a\000\040\000n\000e\000t\000w\000o\000r\000k\000\040\000m\000o\000d\000e\000l}{section.5.4}% 104
\BOOKMARK [0][-]{chapter.6}{\376\377\000R\000E\000S\000T\000\040\000A\000P\000I}{}% 105
\BOOKMARK [1][-]{section.6.1}{\376\377\000I\000n\000s\000t\000a\000l\000l\000a\000t\000i\000o\000n}{chapter.6}% 106
\BOOKMARK [1][-]{section.6.2}{\376\377\000L\000a\000u\000n\000c\000h\000i\000n\000g\000\040\000t\000h\000e\000\040\000R\000E\000S\000T\000\040\000s\000e\000r\000v\000i\000c\000e}{chapter.6}% 107
\BOOKMARK [1][-]{section.6.3}{\376\377\000D\000o\000c\000u\000m\000e\000n\000t\000a\000t\000i\000o\000n}{chapter.6}% 108
\BOOKMARK [0][-]{chapter.7}{\376\377\000I\000n\000d\000i\000c\000e\000s\000\040\000a\000n\000d\000\040\000t\000a\000b\000l\000e\000s}{}% 109
\BOOKMARK [0][-]{section*.719}{\376\377\000P\000y\000t\000h\000o\000n\000\040\000M\000o\000d\000u\000l\000e\000\040\000I\000n\000d\000e\000x}{}% 110
\BOOKMARK [0][-]{section*.720}{\376\377\000I\000n\000d\000e\000x}{}% 111
