03/16/18 23:21:10 Setting maximum file descriptors to 80000.
03/16/18 23:21:10 ******************************************************
03/16/18 23:21:10 ** condor_scheduniv_exec.304382870.0 (CONDOR_DAGMAN) STARTING UP
03/16/18 23:21:10 ** /usr/bin/condor_dagman
03/16/18 23:21:10 ** SubsystemInfo: name=DAGMAN type=DAGMAN(10) class=DAEMON(1)
03/16/18 23:21:10 ** Configuration: subsystem:DAGMAN local:<NONE> class:DAEMON
03/16/18 23:21:10 ** $CondorVersion: 8.7.5 Nov 14 2017 BuildID: 424079 $
03/16/18 23:21:10 ** $CondorPlatform: x86_64_RedHat6 $
03/16/18 23:21:10 ** PID = 18171
03/16/18 23:21:10 ** Log last touched time unavailable (No such file or directory)
03/16/18 23:21:10 ******************************************************
03/16/18 23:21:10 Using config source: /etc/condor/condor_config
03/16/18 23:21:10 Using local config sources: 
03/16/18 23:21:10    /etc/condor/config.d/00_logging
03/16/18 23:21:10    /etc/condor/config.d/00_security
03/16/18 23:21:10    /etc/condor/config.d/20_ganglia
03/16/18 23:21:10    /etc/condor/config.d/20_master_daemons
03/16/18 23:21:10    /etc/condor/config.d/20_schedd
03/16/18 23:21:10    /etc/condor/config.d/20_schedd_limit_num_jobs
03/16/18 23:21:10    /etc/condor/config.d/20_schedd_stats
03/16/18 23:21:10    /etc/condor/config.d/20_schedd_stats_rss
03/16/18 23:21:10    /etc/condor/config.d/20_shared_port
03/16/18 23:21:10    /etc/condor/config.d/20_submit
03/16/18 23:21:10    /etc/condor/config.d/60_npx_submit
03/16/18 23:21:10    /etc/condor/config.d/60_npx_submit_sane_reqs
03/16/18 23:21:10    /etc/condor/config.d/99_block_submissions_group_long
03/16/18 23:21:10    /etc/condor/condor_config.local
03/16/18 23:21:10 config Macros = 132, Sorted = 132, StringBytes = 5362, TablesBytes = 4904
03/16/18 23:21:10 CLASSAD_CACHING is ENABLED
03/16/18 23:21:10 Daemon Log is logging: D_ALWAYS D_ERROR
03/16/18 23:21:10 DaemonCore: No command port requested.
03/16/18 23:21:10 DAGMAN_USE_STRICT setting: 1
03/16/18 23:21:10 DAGMAN_VERBOSITY setting: 3
03/16/18 23:21:10 DAGMAN_DEBUG_CACHE_SIZE setting: 5242880
03/16/18 23:21:10 DAGMAN_DEBUG_CACHE_ENABLE setting: False
03/16/18 23:21:10 DAGMAN_SUBMIT_DELAY setting: 1
03/16/18 23:21:10 DAGMAN_MAX_SUBMIT_ATTEMPTS setting: 6
03/16/18 23:21:10 DAGMAN_STARTUP_CYCLE_DETECT setting: False
03/16/18 23:21:10 DAGMAN_MAX_SUBMITS_PER_INTERVAL setting: 5
03/16/18 23:21:10 DAGMAN_AGGRESSIVE_SUBMIT setting: False
03/16/18 23:21:10 DAGMAN_USER_LOG_SCAN_INTERVAL setting: 5
03/16/18 23:21:10 DAGMAN_DEFAULT_PRIORITY setting: 0
03/16/18 23:21:10 DAGMAN_SUPPRESS_NOTIFICATION setting: True
03/16/18 23:21:10 allow_events (DAGMAN_ALLOW_EVENTS) setting: 114
03/16/18 23:21:10 DAGMAN_RETRY_SUBMIT_FIRST setting: True
03/16/18 23:21:10 DAGMAN_RETRY_NODE_FIRST setting: False
03/16/18 23:21:10 DAGMAN_MAX_JOBS_IDLE setting: 1000
03/16/18 23:21:10 DAGMAN_MAX_JOBS_SUBMITTED setting: 0
03/16/18 23:21:10 DAGMAN_MAX_PRE_SCRIPTS setting: 20
03/16/18 23:21:10 DAGMAN_MAX_POST_SCRIPTS setting: 20
03/16/18 23:21:10 DAGMAN_MUNGE_NODE_NAMES setting: True
03/16/18 23:21:10 DAGMAN_PROHIBIT_MULTI_JOBS setting: False
03/16/18 23:21:10 DAGMAN_SUBMIT_DEPTH_FIRST setting: False
03/16/18 23:21:10 DAGMAN_ALWAYS_RUN_POST setting: False
03/16/18 23:21:10 DAGMAN_ABORT_DUPLICATES setting: True
03/16/18 23:21:10 DAGMAN_ABORT_ON_SCARY_SUBMIT setting: True
03/16/18 23:21:10 DAGMAN_PENDING_REPORT_INTERVAL setting: 600
03/16/18 23:21:10 DAGMAN_AUTO_RESCUE setting: True
03/16/18 23:21:10 DAGMAN_MAX_RESCUE_NUM setting: 100
03/16/18 23:21:10 DAGMAN_WRITE_PARTIAL_RESCUE setting: True
03/16/18 23:21:10 DAGMAN_DEFAULT_NODE_LOG setting: @(DAG_DIR)/@(DAG_FILE).nodes.log
03/16/18 23:21:10 DAGMAN_GENERATE_SUBDAG_SUBMITS setting: True
03/16/18 23:21:10 DAGMAN_MAX_JOB_HOLDS setting: 100
03/16/18 23:21:10 DAGMAN_HOLD_CLAIM_TIME setting: 20
03/16/18 23:21:10 ALL_DEBUG setting: 
03/16/18 23:21:10 DAGMAN_DEBUG setting: 
03/16/18 23:21:10 DAGMAN_SUPPRESS_JOB_LOGS setting: False
03/16/18 23:21:10 DAGMAN_REMOVE_NODE_JOBS setting: True
03/16/18 23:21:10 argv[0] == "condor_scheduniv_exec.304382870.0"
03/16/18 23:21:10 argv[1] == "-Lockfile"
03/16/18 23:21:10 argv[2] == "condor/submit/exampledagman_20180316_01.submit.lock"
03/16/18 23:21:10 argv[3] == "-AutoRescue"
03/16/18 23:21:10 argv[4] == "1"
03/16/18 23:21:10 argv[5] == "-DoRescueFrom"
03/16/18 23:21:10 argv[6] == "0"
03/16/18 23:21:10 argv[7] == "-Dag"
03/16/18 23:21:10 argv[8] == "condor/submit/exampledagman_20180316_01.submit"
03/16/18 23:21:10 argv[9] == "-MaxJobs"
03/16/18 23:21:10 argv[10] == "3000"
03/16/18 23:21:10 argv[11] == "-Suppress_notification"
03/16/18 23:21:10 argv[12] == "-CsdVersion"
03/16/18 23:21:10 argv[13] == "$CondorVersion: 8.7.5 Nov 14 2017 BuildID: 424079 $"
03/16/18 23:21:10 argv[14] == "-Dagman"
03/16/18 23:21:10 argv[15] == "/usr/bin/condor_dagman"
03/16/18 23:21:11 Workflow batch-name: <exampledagman_20180316_01.submit+304382870>
03/16/18 23:21:11 Workflow accounting_group: <>
03/16/18 23:21:11 Workflow accounting_group_user: <>
03/16/18 23:21:11 Warning: failed to get attribute DAGNodeName
03/16/18 23:21:11 DAGMAN_LOG_ON_NFS_IS_ERROR setting: False
03/16/18 23:21:11 Default node log file is: </home/jbourbeau/software/pycondor/examples/condor/submit/exampledagman_20180316_01.submit.nodes.log>
03/16/18 23:21:11 DAG Lockfile will be written to condor/submit/exampledagman_20180316_01.submit.lock
03/16/18 23:21:11 DAG Input file is condor/submit/exampledagman_20180316_01.submit
03/16/18 23:21:11 Parsing 1 dagfiles
03/16/18 23:21:11 Parsing condor/submit/exampledagman_20180316_01.submit ...
03/16/18 23:21:11 Dag contains 3 total jobs
03/16/18 23:21:11 Sleeping for 3 seconds to ensure ProcessId uniqueness
03/16/18 23:21:14 Bootstrapping...
03/16/18 23:21:14 Number of pre-completed nodes: 0
03/16/18 23:21:14 MultiLogFiles: truncating log file /home/jbourbeau/software/pycondor/examples/condor/submit/exampledagman_20180316_01.submit.nodes.log
03/16/18 23:21:14 DAG status: 0 (DAG_STATUS_OK)
03/16/18 23:21:14 Of 3 nodes total:
03/16/18 23:21:14  Done     Pre   Queued    Post   Ready   Un-Ready   Failed
03/16/18 23:21:14   ===     ===      ===     ===     ===        ===      ===
03/16/18 23:21:14     0       0        0       0       3          0        0
03/16/18 23:21:14 0 job proc(s) currently held
03/16/18 23:21:15 Registering condor_event_timer...
03/16/18 23:21:16 Sleeping for 1 s (DAGMAN_SUBMIT_DELAY) to throttle submissions...
03/16/18 23:21:17 Submitting HTCondor Node examplejob_20180316_01_arg_0 job(s)...
03/16/18 23:21:17 Adding a DAGMan workflow log /home/jbourbeau/software/pycondor/examples/condor/submit/exampledagman_20180316_01.submit.nodes.log
03/16/18 23:21:17 Masking the events recorded in the DAGMAN workflow log
03/16/18 23:21:17 Mask for workflow log is 0,1,2,4,5,7,9,10,11,12,13,16,17,24,27,35,36
03/16/18 23:21:17 submitting: /usr/bin/condor_submit -a dag_node_name' '=' 'examplejob_20180316_01_arg_0 -a +DAGManJobId' '=' '304382870 -a DAGManJobId' '=' '304382870 -batch-name exampledagman_20180316_01.submit+304382870 -a submit_event_notes' '=' 'DAG' 'Node:' 'examplejob_20180316_01_arg_0 -a dagman_log' '=' '/home/jbourbeau/software/pycondor/examples/condor/submit/exampledagman_20180316_01.submit.nodes.log -a +DAGManNodesMask' '=' '"0,1,2,4,5,7,9,10,11,12,13,16,17,24,27,35,36" -a ARGS' '=' '--length' '50 -a DAG_STATUS' '=' '0 -a FAILED_COUNT' '=' '0 -a notification' '=' 'never -a +DAGParentNodeNames' '=' '"" condor/submit/examplejob_20180316_01.submit
03/16/18 23:21:17 From submit: Submitting job(s).
03/16/18 23:21:17 From submit: 1 job(s) submitted to cluster 304383278.
03/16/18 23:21:17 	assigned HTCondor ID (304383278.0.0)
03/16/18 23:21:17 Sleeping for 1 s (DAGMAN_SUBMIT_DELAY) to throttle submissions...
03/16/18 23:21:18 Submitting HTCondor Node examplejob_20180316_01_arg_1 job(s)...
03/16/18 23:21:18 Adding a DAGMan workflow log /home/jbourbeau/software/pycondor/examples/condor/submit/exampledagman_20180316_01.submit.nodes.log
03/16/18 23:21:18 Masking the events recorded in the DAGMAN workflow log
03/16/18 23:21:18 Mask for workflow log is 0,1,2,4,5,7,9,10,11,12,13,16,17,24,27,35,36
03/16/18 23:21:18 submitting: /usr/bin/condor_submit -a dag_node_name' '=' 'examplejob_20180316_01_arg_1 -a +DAGManJobId' '=' '304382870 -a DAGManJobId' '=' '304382870 -batch-name exampledagman_20180316_01.submit+304382870 -a submit_event_notes' '=' 'DAG' 'Node:' 'examplejob_20180316_01_arg_1 -a dagman_log' '=' '/home/jbourbeau/software/pycondor/examples/condor/submit/exampledagman_20180316_01.submit.nodes.log -a +DAGManNodesMask' '=' '"0,1,2,4,5,7,9,10,11,12,13,16,17,24,27,35,36" -a ARGS' '=' '--length' '100 -a DAG_STATUS' '=' '0 -a FAILED_COUNT' '=' '0 -a notification' '=' 'never -a +DAGParentNodeNames' '=' '"" condor/submit/examplejob_20180316_01.submit
03/16/18 23:21:18 From submit: Submitting job(s).
03/16/18 23:21:18 From submit: 1 job(s) submitted to cluster 304383284.
03/16/18 23:21:18 	assigned HTCondor ID (304383284.0.0)
03/16/18 23:21:18 Sleeping for 1 s (DAGMAN_SUBMIT_DELAY) to throttle submissions...
03/16/18 23:21:19 Submitting HTCondor Node examplejob_20180316_01_arg_2 job(s)...
03/16/18 23:21:19 Adding a DAGMan workflow log /home/jbourbeau/software/pycondor/examples/condor/submit/exampledagman_20180316_01.submit.nodes.log
03/16/18 23:21:19 Masking the events recorded in the DAGMAN workflow log
03/16/18 23:21:19 Mask for workflow log is 0,1,2,4,5,7,9,10,11,12,13,16,17,24,27,35,36
03/16/18 23:21:19 submitting: /usr/bin/condor_submit -a dag_node_name' '=' 'examplejob_20180316_01_arg_2 -a +DAGManJobId' '=' '304382870 -a DAGManJobId' '=' '304382870 -batch-name exampledagman_20180316_01.submit+304382870 -a submit_event_notes' '=' 'DAG' 'Node:' 'examplejob_20180316_01_arg_2 -a dagman_log' '=' '/home/jbourbeau/software/pycondor/examples/condor/submit/exampledagman_20180316_01.submit.nodes.log -a +DAGManNodesMask' '=' '"0,1,2,4,5,7,9,10,11,12,13,16,17,24,27,35,36" -a ARGS' '=' '--length' '200 -a DAG_STATUS' '=' '0 -a FAILED_COUNT' '=' '0 -a notification' '=' 'never -a +DAGParentNodeNames' '=' '"" condor/submit/examplejob_20180316_01.submit
03/16/18 23:21:20 From submit: Submitting job(s).
03/16/18 23:21:20 From submit: 1 job(s) submitted to cluster 304383304.
03/16/18 23:21:20 	assigned HTCondor ID (304383304.0.0)
03/16/18 23:21:20 Just submitted 3 jobs this cycle...
03/16/18 23:21:20 Currently monitoring 1 HTCondor log file(s)
03/16/18 23:21:20 Reassigning the id of job examplejob_20180316_01_arg_0 from (304383278.0.0) to (304383278.0.0)
03/16/18 23:21:20 Event: ULOG_SUBMIT for HTCondor Node examplejob_20180316_01_arg_0 (304383278.0.0) {03/16/18 23:21:17}
03/16/18 23:21:20 Number of idle job procs: 1
03/16/18 23:21:20 Reassigning the id of job examplejob_20180316_01_arg_1 from (304383284.0.0) to (304383284.0.0)
03/16/18 23:21:20 Event: ULOG_SUBMIT for HTCondor Node examplejob_20180316_01_arg_1 (304383284.0.0) {03/16/18 23:21:18}
03/16/18 23:21:20 Number of idle job procs: 2
03/16/18 23:21:20 Reassigning the id of job examplejob_20180316_01_arg_2 from (304383304.0.0) to (304383304.0.0)
03/16/18 23:21:20 Event: ULOG_SUBMIT for HTCondor Node examplejob_20180316_01_arg_2 (304383304.0.0) {03/16/18 23:21:20}
03/16/18 23:21:20 Number of idle job procs: 3
03/16/18 23:21:20 DAG status: 0 (DAG_STATUS_OK)
03/16/18 23:21:20 Of 3 nodes total:
03/16/18 23:21:20  Done     Pre   Queued    Post   Ready   Un-Ready   Failed
03/16/18 23:21:20   ===     ===      ===     ===     ===        ===      ===
03/16/18 23:21:20     0       0        3       0       0          0        0
03/16/18 23:21:20 0 job proc(s) currently held
03/16/18 23:23:10 Currently monitoring 1 HTCondor log file(s)
03/16/18 23:23:10 Event: ULOG_EXECUTE for HTCondor Node examplejob_20180316_01_arg_1 (304383284.0.0) {03/16/18 23:23:10}
03/16/18 23:23:10 Number of idle job procs: 2
03/16/18 23:23:15 Currently monitoring 1 HTCondor log file(s)
03/16/18 23:23:15 Event: ULOG_EXECUTE for HTCondor Node examplejob_20180316_01_arg_0 (304383278.0.0) {03/16/18 23:23:10}
03/16/18 23:23:15 Number of idle job procs: 1
03/16/18 23:23:15 Event: ULOG_EXECUTE for HTCondor Node examplejob_20180316_01_arg_2 (304383304.0.0) {03/16/18 23:23:10}
03/16/18 23:23:15 Number of idle job procs: 0
03/16/18 23:23:15 Event: ULOG_JOB_TERMINATED for HTCondor Node examplejob_20180316_01_arg_2 (304383304.0.0) {03/16/18 23:23:14}
03/16/18 23:23:15 Number of idle job procs: 0
03/16/18 23:23:15 Node examplejob_20180316_01_arg_2 job proc (304383304.0.0) completed successfully.
03/16/18 23:23:15 Node examplejob_20180316_01_arg_2 job completed
03/16/18 23:23:15 DAG status: 0 (DAG_STATUS_OK)
03/16/18 23:23:15 Of 3 nodes total:
03/16/18 23:23:15  Done     Pre   Queued    Post   Ready   Un-Ready   Failed
03/16/18 23:23:15   ===     ===      ===     ===     ===        ===      ===
03/16/18 23:23:15     1       0        2       0       0          0        0
03/16/18 23:23:15 0 job proc(s) currently held
03/16/18 23:23:20 Currently monitoring 1 HTCondor log file(s)
03/16/18 23:23:20 Event: ULOG_JOB_TERMINATED for HTCondor Node examplejob_20180316_01_arg_0 (304383278.0.0) {03/16/18 23:23:16}
03/16/18 23:23:20 Number of idle job procs: 0
03/16/18 23:23:20 Node examplejob_20180316_01_arg_0 job proc (304383278.0.0) completed successfully.
03/16/18 23:23:20 Node examplejob_20180316_01_arg_0 job completed
03/16/18 23:23:20 Event: ULOG_JOB_TERMINATED for HTCondor Node examplejob_20180316_01_arg_1 (304383284.0.0) {03/16/18 23:23:19}
03/16/18 23:23:20 Number of idle job procs: 0
03/16/18 23:23:20 Node examplejob_20180316_01_arg_1 job proc (304383284.0.0) completed successfully.
03/16/18 23:23:20 Node examplejob_20180316_01_arg_1 job completed
03/16/18 23:23:20 DAG status: 0 (DAG_STATUS_OK)
03/16/18 23:23:20 Of 3 nodes total:
03/16/18 23:23:20  Done     Pre   Queued    Post   Ready   Un-Ready   Failed
03/16/18 23:23:20   ===     ===      ===     ===     ===        ===      ===
03/16/18 23:23:20     3       0        0       0       0          0        0
03/16/18 23:23:20 0 job proc(s) currently held
03/16/18 23:23:20 All jobs Completed!
03/16/18 23:23:20 Note: 0 total job deferrals because of -MaxJobs limit (3000)
03/16/18 23:23:20 Note: 0 total job deferrals because of -MaxIdle limit (1000)
03/16/18 23:23:20 Note: 0 total job deferrals because of node category throttles
03/16/18 23:23:20 Note: 0 total PRE script deferrals because of -MaxPre limit (20) or DEFER
03/16/18 23:23:20 Note: 0 total POST script deferrals because of -MaxPost limit (20) or DEFER
03/16/18 23:23:20 DAG status: 0 (DAG_STATUS_OK)
03/16/18 23:23:20 Of 3 nodes total:
03/16/18 23:23:20  Done     Pre   Queued    Post   Ready   Un-Ready   Failed
03/16/18 23:23:20   ===     ===      ===     ===     ===        ===      ===
03/16/18 23:23:20     3       0        0       0       0          0        0
03/16/18 23:23:20 0 job proc(s) currently held
03/16/18 23:23:20 Wrote metrics file condor/submit/exampledagman_20180316_01.submit.metrics.
03/16/18 23:23:20 Metrics not sent because of PEGASUS_METRICS or CONDOR_DEVELOPERS setting.
03/16/18 23:23:20 DAGMan Runtime Statistics:
EventCycleTimeStd = 0.8832076011256389
SubmitCycleTimeAvg = 0.1730975818634033
LogProcessCycleTimeCount = 4.0
EventCycleTimeCount = 24.0
SubmitCycleTimeMin = 7.152557373046875E-06
EventCycleTimeMax = 4.32921290397644
SleepCycleTimeAvg = 5.006195386250814
EventCycleTimeSum = 4.39421272277832
SubmitCycleTimeStd = 0.8650702885346556
LogProcessCycleTimeAvg = 0.0003936886787414551
SleepCycleTimeMin = 5.004292011260986
LogProcessCycleTimeMin = 0.0002470016479492188
SleepCycleTimeCount = 24.0
SubmitCycleTimeMax = 4.325434923171997
SleepCycleTimeStd = 0.005692269673408133
LogProcessCycleTimeStd = 0.0001570572776149737
SubmitCycleTimeSum = 4.327439546585083
SubmitCycleTimeCount = 25.0
EventCycleTimeAvg = 0.18309219678243
SleepCycleTimeMax = 5.032762050628662
EventCycleTimeMin = 2.503395080566406E-05
LogProcessCycleTimeMax = 0.0005660057067871094
SleepCycleTimeSum = 120.1486892700195
LogProcessCycleTimeSum = 0.00157475471496582

03/16/18 23:23:20 **** condor_scheduniv_exec.304382870.0 (condor_DAGMAN) pid 18171 EXITING WITH STATUS 0
