000 (304383278.000.000) 03/16 23:21:17 Job submitted from host: <172.16.223.61:14822?addrs=172.16.223.61-14822>
    DAG Node: examplejob_20180316_01_arg_0
...
000 (304383284.000.000) 03/16 23:21:18 Job submitted from host: <172.16.223.61:14822?addrs=172.16.223.61-14822>
    DAG Node: examplejob_20180316_01_arg_1
...
000 (304383304.000.000) 03/16 23:21:20 Job submitted from host: <172.16.223.61:14822?addrs=172.16.223.61-14822>
    DAG Node: examplejob_20180316_01_arg_2
...
001 (304383284.000.000) 03/16 23:23:10 Job executing on host: <10.128.10.193:50477?addrs=10.128.10.193-50477>
...
001 (304383278.000.000) 03/16 23:23:10 Job executing on host: <10.128.10.98:49461?addrs=10.128.10.98-49461>
...
001 (304383304.000.000) 03/16 23:23:10 Job executing on host: <10.128.10.136:48673?addrs=10.128.10.136-48673>
...
005 (304383304.000.000) 03/16 23:23:14 Job terminated.
	(1) Normal termination (return value 0)
		Usr 0 00:00:00, Sys 0 00:00:00  -  Run Remote Usage
		Usr 0 00:00:00, Sys 0 00:00:00  -  Run Local Usage
		Usr 0 00:00:00, Sys 0 00:00:00  -  Total Remote Usage
		Usr 0 00:00:00, Sys 0 00:00:00  -  Total Local Usage
	0  -  Run Bytes Sent By Job
	0  -  Run Bytes Received By Job
	0  -  Total Bytes Sent By Job
	0  -  Total Bytes Received By Job
	Partitionable Resources :    Usage  Request Allocated
	   Admin_mutex_1         :                           1
	   Admin_mutex_2         :                           1
	   Admin_mutex_3         :                           1
	   Cpus                  :                 1         1
	   Disk (KB)             :        1  1000000   1297788
	   Gpus                  :                           0
	   Machine_token         :                           1
	   Memory (MB)           :        0     1000      1000
...
005 (304383278.000.000) 03/16 23:23:16 Job terminated.
	(1) Normal termination (return value 0)
		Usr 0 00:00:00, Sys 0 00:00:01  -  Run Remote Usage
		Usr 0 00:00:00, Sys 0 00:00:00  -  Run Local Usage
		Usr 0 00:00:00, Sys 0 00:00:01  -  Total Remote Usage
		Usr 0 00:00:00, Sys 0 00:00:00  -  Total Local Usage
	0  -  Run Bytes Sent By Job
	0  -  Run Bytes Received By Job
	0  -  Total Bytes Sent By Job
	0  -  Total Bytes Received By Job
	Partitionable Resources :    Usage  Request Allocated
	   Admin_mutex_1         :                           1
	   Admin_mutex_2         :                           1
	   Admin_mutex_3         :                           1
	   Cpus                  :                 1         1
	   Disk (KB)             :        1  1000000  17259696
	   Gpus                  :                           0
	   Machine_token         :                           1
	   Memory (MB)           :        0     1000      1000
...
005 (304383284.000.000) 03/16 23:23:19 Job terminated.
	(1) Normal termination (return value 0)
		Usr 0 00:00:00, Sys 0 00:00:00  -  Run Remote Usage
		Usr 0 00:00:00, Sys 0 00:00:00  -  Run Local Usage
		Usr 0 00:00:00, Sys 0 00:00:00  -  Total Remote Usage
		Usr 0 00:00:00, Sys 0 00:00:00  -  Total Local Usage
	0  -  Run Bytes Sent By Job
	0  -  Run Bytes Received By Job
	0  -  Total Bytes Sent By Job
	0  -  Total Bytes Received By Job
	Partitionable Resources :    Usage  Request Allocated
	   Admin_mutex_1         :                           1
	   Admin_mutex_2         :                           1
	   Admin_mutex_3         :                           1
	   Cpus                  :                 1         1
	   Disk (KB)             :        1  1000000   8106474
	   Gpus                  :                           0
	   Machine_token         :                           1
	   Memory (MB)           :        0     1000      1000
...
