  7.2618048E-03
  1.9912213E-02
  3.3299424E-02
  4.5044266E-02
  5.1266685E-02
  5.2422494E-02
  4.9848162E-02
  5.1531676E-02
  7.0287049E-02
  0.1049728    
  0.1294467    
  0.1479586    
  0.1611986    
  0.1627960    
  0.1589880    
  0.1483161    
  0.1332157    
  0.1191042    
  0.1044124    
  8.9866064E-02
  7.8459345E-02
  0.2075672    
  0.3197171    
  0.4025775    
  0.4387218    
  0.4649687    
  0.4658055    
  0.4690872    
  0.4522492    
  0.4185627    
  0.3739173    
  0.3246764    
  0.2758195    
  0.2305826    
  0.1906925    
  0.1741439    
  0.1849732    
  0.1928193    
  0.1923266    
  0.1834219    
  0.1686725    
  0.1509502    
  0.1325637    
  0.1150688    
  9.9353373E-02
  8.7205574E-02
  8.4115498E-02
  0.1054985    
  0.1865498    
  0.2511199    
  0.2876600    
  0.2970963    
  0.2893998    
  0.2688801    
  0.2414503    
  0.2116244    
  0.1825018    
  0.1559188    
  0.1327574    
  0.1132555    
  9.7258657E-02
  8.4403843E-02
  7.4242137E-02
  6.6314757E-02
  6.0195409E-02
  5.5510536E-02
  5.1945608E-02
  4.9243469E-02
  4.7198575E-02
  4.5649603E-02
  4.4471614E-02
  4.3569177E-02
  4.2870119E-02
  4.2320348E-02
  4.1879639E-02
  4.1518278E-02
  4.1214455E-02
  4.0952239E-02
  4.0720046E-02
  4.0509503E-02
  4.0314578E-02
  4.0130936E-02
  3.9955467E-02
  3.9785966E-02
  3.9620854E-02
  3.9459012E-02
  3.9299656E-02
  3.9142217E-02
  3.8986303E-02
  3.8831640E-02
  3.8678020E-02
  3.8525321E-02
  3.8373429E-02
  3.8222283E-02
  3.8071837E-02
  3.7922055E-02
  3.7772909E-02
  3.7624381E-02
  3.7476465E-02
  3.7329149E-02
  3.7182417E-02
  3.7036274E-02
  3.6890745E-02
  3.6745787E-02
  6.9468573E-02
  0.1168984    
  0.1518500    
  0.1701519    
  0.1737142    
  0.1668791    
  0.1539369    
  0.1382552    
  0.1221433    
  0.2038075    
  0.3020700    
  0.3691845    
  0.3979315    
  0.3944612    
  0.3706580    
  0.3359911    
  0.3528926    
  0.3622312    
  0.3570919    
  0.3374483    
  0.3942902    
  0.4353684    
  0.4791808    
  0.5081515    
  0.5218315    
  0.6892982    
  0.8129127    
  0.8685547    
  0.8593839    
  0.8039640    
  0.8707619    
  0.9310435    
  0.9434328    
  0.9068287    
  0.8346671    
  0.7431198    
  0.6455858    
  0.5513197    
  0.4657806    
  0.3915342    
  0.4699510    
  0.5440251    
  0.5847921    
  0.6157850    
  0.6131022    
  0.6051505    
  0.5784094    
  0.5361028    
  0.4845211    
  0.4298875    
  0.3848835    
  0.7025522    
  0.9850485    
   1.161292    
   1.306458    
   1.349724    
   1.308694    
   1.209762    
   1.079845    
  0.9585663    
  0.9785963    
   1.185247    
   1.334721    
   1.395317    
   1.366915    
   1.275097    
   1.147560    
   1.024989    
  0.9574495    
   1.308836    
   1.599701    
   1.756356    
   1.773624    
   1.686522    
   1.591378    
   1.863337    
   2.063107    
   2.132688    
   2.074315    
   1.925033    
   1.742810    
   1.541118    
   1.339399    
   1.153423    
  0.9875448    
  0.8459260    
  0.7312515    
  0.6371272    
  0.5604120    
  0.7012217    
  0.8284651    
  0.9038529    
  0.9206268    
  0.8917883    
   1.028227    
   1.179418    
   1.261256    
   1.758029    
   2.156752    
   2.364250    
   2.384317    
   2.266446    
   2.289669    
   2.769539    
   3.168037    
   3.340991    
   3.444165    
   4.064201    
   4.663611    
   4.949696    
   4.902874    
   4.603446    
   4.153187    
   3.639230    
   3.183849    
   2.757587    
   2.369543    
   2.025243    
   1.727946    
   1.477554    
   1.271196    
   1.217350    
   1.418658    
   1.938529    
   2.326807    
   2.858961    
   3.214590    
   3.329566    
   3.246673    
   3.188315    
   3.035610    
   2.810773    
   2.540798    
   2.628918    
   2.685432    
   2.651058    
   2.523143    
   2.330560    
   2.174292    
   2.004314    
   1.826356    
   1.648841    
   1.480903    
   1.330014    
   1.211190    
   1.110796    
   1.025619    
  0.9534785    
   1.191311    
   1.401434    
   1.529301    
   1.567668    
   1.608594    
   1.613180    
   1.843599    
   2.002927    
   2.057687    
   2.096919    
   2.066481    
   1.972960    
   1.931901    
   1.858767    
   1.754372    
   1.628196    
   1.493605    
   1.361844    
   1.811701    
   2.280188    
   2.579653    
   2.682117    
   2.625496    
   3.303083    
   3.819940    
   4.063451    
   4.180299    
   4.799773    
   5.714220    
   6.246411    
   6.378945    
   6.151255    
   5.679231    
   5.079358    
   4.442463    
   3.829343    
   3.274965    
   2.799533    
   2.609840    
   2.753467    
   2.860462    
   3.632403    
   4.321905    
   4.727937    
   4.800988    
   4.614613    
   4.265144    
   3.837406    
   3.393302    
   2.972230    
   2.595672    
   2.272468    
   2.003367    
   1.784474    
   1.609635    
   1.471969    
   1.364774    
   1.282003    
   1.218458    
   1.172815    
   1.138217    
   1.111366    
   1.090039    
   1.072793    
   1.150069    
   1.218487    
   1.309859    
   1.366040    
   1.384506    
   1.380013    
   1.354225    
   1.315320    
   1.270272    
   1.224340    
   1.180917    
   1.190973    
   1.209350    
   1.216608    
   1.209476    
   1.225024    
   1.253052    
   1.277834    
   1.308555    
   1.364561    
   1.406987    
   1.416744    
   1.402013    
   1.369903    
   1.324794    
   1.287400    
   1.247314    
   1.206395    
   1.277318    
   1.362241    
   1.543504    
   1.667190    
   1.717608    
   1.703454    
   1.644890    
   1.561731    
   1.595904    
   1.712655    
   1.799668    
   1.947351    
   2.110121    
   2.429201    
   2.829809    
   3.317240    
   3.602622    
   3.737641    
   3.679379    
   3.480134    
   3.198171    
   2.896225    
   2.633705    
   2.420270    
   2.220736    
   2.036329    
   1.865217    
   1.710378    
   1.574093    
   1.457226    
   1.359249    
   1.278632    
   1.235736    
   1.202967    
   1.188628    
   1.173723    
   1.155488    
   1.134103    
   1.189874    
   1.255572    
   1.300342    
   1.317332    
   1.332049    
   1.326001    
   1.304281    
   1.297738    
   1.338243    
   1.362067    
   1.360641    
   1.336432    
   1.297003    
   1.353402    
   1.906944    
   2.875120    
   3.591717    
   3.961768    
   4.019316    
   3.855235    
   3.569311    
   3.271925    
   2.958363    
   2.650305    
   2.362876    
   2.105985    
   1.884202    
   1.697964    
   1.545016    
   1.421627    
   1.323485    
   1.246279    
   1.186178    
   1.139537    
   1.103399    
   1.075359    
   1.053693    
   1.036685    
   1.023136    
   1.012151    
   1.003065    
  0.9953861    
  0.9887484    
  0.9828801    
  0.9775798    
  0.9726984    
  0.9681262    
  0.9637827    
  0.9596087    
  0.9555612    
  0.9516087    
  0.9477286    
  0.9439045    
  0.9408951    
  0.9378228    
  0.9345438    
  0.9310353    
  0.9273494    
  0.9235538    
  0.9197075    
  0.9158533    
  0.9120191    
  0.9082209    
  0.9044658    
  0.9007554    
  0.8970883    
  0.8934611    
  0.8898700    
  0.8863110    
  0.8827805    
  0.8792754    
  0.8757930    
  0.8723311    
  0.8898528    
  0.9047149    
  0.9131733    
  0.9147191    
  0.9108623    
  0.9035035    
  0.8942854    
  0.8844108    
  0.8746604    
  0.8680141    
  0.8647962    
  0.8612562    
  0.8581375    
  0.8540629    
  0.8489673    
  0.8431563    
  0.8370079    
  0.8308387    
  0.8248641    
  0.8192055    
  0.8139133    
  0.8089899    
  0.8044090    
  0.8001308    
  0.8546265    
  0.9081202    
  0.9432586    
   1.080627    
   1.185108    
   1.264164    
   1.293160    
   1.280595    
   1.239621    
   1.183100    
   1.183881    
   1.177706    
   1.157247    
   1.122849    
   1.403840    
   1.639932    
   1.823065    
   1.992239    
   2.056259    
   2.055657    
   2.321421    
   2.497280    
   2.858627    
   3.063315    
   3.132133    
   3.050134    
   2.862076    
   2.615126    
   2.348124    
   2.087920    
   1.850470    
   1.715760    
   1.604267    
   1.614868    
   1.614947    
   1.585532    
   1.526376    
   1.447528    
   1.396644    
   1.536137    
   1.778242    
   1.972905    
   2.059215    
   2.045459    
   1.960112    
   1.833709    
   1.695116    
   1.556432    
   1.427086    
   1.312082    
   1.213392    
   1.136819    
   1.194164    
   1.247545    
   1.273402    
   1.267275    
   1.239823    
   1.524752    
   1.760423    
   1.894307    
   1.922462    
   1.870756    
   1.786333    
   1.892596    
   2.002539    
   2.042143    
   2.006218    
   1.913368    
   1.787654    
   1.664764    
   1.542037    
   1.449983    
   1.590119    
   1.706719    
   1.759844    
   1.745426    
   1.680759    
   1.586643    
   1.480487    
   1.374540    
   1.276286    
   1.189532    
   1.115561    
   1.056716    
   1.019294    
  0.9895497    
  0.9640949    
  0.9632384    
  0.9638245    
  0.9800851    
  0.9879383    
  0.9851999    
  0.9981545    
   1.200602    
   1.367291    
   1.464488    
   1.562134    
   1.597015    
   1.576656    
   1.516334    
   1.474906    
   1.426208    
   1.368963    
   1.368374    
   1.361144    
   1.343559    
   1.309528    
   1.260291    
   1.202260    
   1.141664    
   1.083224    
   1.029886    
  0.9830953    
  0.9432239    
  0.9145861    
  0.8912935    
  0.8716858    
  0.8547951    
  0.8401561    
  0.8402837    
   1.082590    
   1.291579    
   1.423503    
   1.473208    
   1.459103    
   1.403973    
   1.403164    
   1.419271    
   2.037308    
   2.546993    
   2.845193    
   2.924455    
   2.839526    
   2.651647    
   2.413389    
   2.162500    
   1.922907    
   1.707718    
   1.522468    
   1.367859    
   1.260819    
   1.180134    
   1.117118    
   1.088334    
   1.108894    
   1.122117    
   1.118844    
   1.548968    
   2.250021    
   2.764395    
   3.024973    
   3.058869    
   2.932986    
   2.736038    
   2.500878    
   2.285184    
   2.074279    
   1.880244    
   1.702425    
   1.543906    
   1.428094    
   1.331814    
   1.248981    
   1.215178    
   1.444328    
   1.736439    
   1.932246    
   2.009898    
   1.988271    
   1.900035    
   1.776073    
   1.725104    
   1.756876    
   2.000974    
   2.332043    
   2.537226    
   2.622612    
   2.580297    
   2.447942    
   2.264510    
   2.084952    
   1.909224    
   1.742114    
   1.588906    
   1.453128    
   1.336304    
   1.238235    
   1.157547    
   1.099370    
   1.187342    
   1.266856    
   1.311759    
   1.317521    
   1.292930    
   1.249452    
   1.197005    
   1.177786    
   1.156831    
   1.130342    
   1.098469    
   1.063807    
   1.029070    
  0.9962875    
  0.9681723    
  0.9435646    
  0.9233371    
  0.9264255    
  0.9299063    
  0.9413499    
  0.9460297    
  0.9731757    
   1.016944    
   1.045548    
   1.053892    
   1.200075    
   1.314668    
   1.396023    
   1.424337    
   1.406521    
   1.357229    
   1.301367    
   1.239331    
   1.177492    
   1.117602    
   1.064385    
   1.016692    
  0.9941299    
  0.9832816    
   1.020932    
   1.066783    
   1.091614    
   1.236621    
   1.500432    
   1.688207    
   1.822071    
   1.859976    
   1.820742    
   1.730279    
   1.613149    
   1.614419    
   1.606709    
   1.599887    
   1.595075    
   1.558605    
   1.494563    
   1.412768    
   1.328017    
   1.319384    
   1.307665    
   1.284180    
   1.258146    
   1.223479    
   1.217136    
   1.199958    
   1.169574    
   1.128646    
   1.082235    
   1.041016    
   1.004470    
  0.9700348    
  0.9378782    
  0.9095683    
  0.8843066    
  0.8679448    
  0.8537652    
  0.8405441    
  0.8278816    
  0.8158910    
  0.8047778    
  0.7946851    
  0.7856608    
  0.7776712    
  0.7706279    
  0.7678511    
  0.7979618    
  0.8234365    
  0.8461450    
  0.8716457    
  0.8840930    
  0.8837636    
  0.8735620    
  0.8572501    
  0.8404405    
  0.8228012    
  0.8053847    
  0.7889285    
  0.7739224    
  0.7605977    
  0.7489839    
  0.7389783    
  0.7304052    
  0.7230590    
  0.7168949    
  0.7267480    
  0.7352715    
  0.7423971    
  0.7445029    
  0.7421076    
  0.7364620    
  0.7289116    
  0.7205448    
  0.7204899    
  0.7715786    
  0.8141246    
  0.8387594    
  0.8448214    
  0.8392339    
  0.8244553    
  0.8044909    
  0.7824792    
  0.7606313    
  0.7402937    
  0.7221460    
  0.7064081    
  0.6979216    
  0.6953267    
