5.559220
10.022430
5.487856
11.644018
11.219289
10.435435
9.271956
13.890686
9.153147
7.788326
11.916182
6.593990
9.595326
11.216741
9.467786
13.134366
6.391832
11.339170
10.834065
8.984413
11.179087
10.928386
9.626786
12.194416
12.595826
12.640481
4.478175
5.541198
11.596831
14.532887
9.642603
9.777548
14.093390
9.778795
6.751427
8.500878
7.294905
4.252135
10.813439
11.571276
10.702821
7.612975
9.596230
9.925184
10.779780
7.772547
7.809760
9.156073
10.243152
7.594106
9.137287
13.025285
6.058399
8.478615
5.718191
9.654890
5.964811
15.070354
11.052659
10.183758
11.990552
10.750874
9.571608
9.650523
8.904850
4.747370
16.015410
15.319640
10.540092
10.075019
10.027101
8.509342
6.728239
8.061777
8.521228
6.838933
10.603313
11.669528
6.848910
4.304894
12.120847
11.729699
11.874496
14.028505
4.420019
11.966389
10.131984
6.082314
10.694065
10.517878
11.748804
10.929780
8.131324
10.496079
14.775567
12.083407
8.790572
7.857005
10.219255
12.302929
12.784209
13.052092
8.818902
7.275469
9.409589
8.365660
7.815242
12.669105
9.619763
6.135116
9.497340
10.384763
8.083574
7.343830
9.627635
4.893608
9.442654
12.164358
6.998647
10.324881
8.136196
9.600563
12.541110
12.262099
8.247142
8.914400
6.165701
10.940463
9.166656
8.818552
7.806882
11.604426
12.092936
9.313314
5.766208
15.313101
6.881738
7.178505
9.540454
13.157654
3.308997
15.767538
11.272997
6.488770
4.400396
12.703665
10.143510
7.058193
16.869724
11.725624
8.903288
7.993820
8.687207
13.573981
14.013529
7.486012
13.927536
7.949191
3.715869
3.830466
11.243456
11.604681
3.768497
12.453892
8.922570
6.873415
12.304245
8.441406
11.529416
10.815604
7.578267
6.277122
12.626295
11.702176
10.412405
10.322346
8.166980
11.640301
9.260631
11.723303
13.283012
8.205766
9.697483
9.866070
12.409787
10.467198
12.123911
11.735894
14.241745
6.418600
8.211588
12.893700
8.833326
5.896045
7.180148
6.672708
14.307001
11.733161
12.599452
12.843754
16.724927
12.899571
10.911156
9.406313
11.898090
13.232861
8.588665
10.361133
5.574872
13.038689
13.658086
13.295664
7.788957
11.335722
7.546714
6.659837
10.220048
11.042337
8.053837
10.167393
12.221704
7.097833
3.578390
11.353560
2.039256
10.273162
14.514762
9.649960
10.965209
12.169099
10.619021
10.174377
12.948198
12.394001
9.080728
12.660173
4.485206
8.082586
8.440877
9.529111
12.526311
7.635059
13.359928
6.907227
13.464058
13.029396
13.478016
5.110153
11.928154
11.892524
8.257845
9.941889
8.087323
9.150051
11.266228
8.344603
14.295586
10.191957
14.058778
13.450636
5.986576
10.712971
10.314553
10.843089
5.382863
8.324664
5.672499
9.469567
11.648476
9.105939
10.860246
8.574389
15.051437
5.538230
15.581677
13.278221
11.120268
12.842450
10.339500
10.617223
12.353224
8.353747
12.317872
11.400542
7.225174
15.295037
8.133777
10.029725
10.081664
15.850440
16.134781
10.878267
12.972616
11.544078
9.619976
6.036815
15.064837
8.438797
11.106092
8.655804
10.375438
9.214632
11.388897
12.121545
14.337343
12.169581
12.285262
12.573569
12.725687
7.760179
4.771289
15.996569
16.446039
6.695038
11.222891
8.185042
10.328181
7.749238
11.521851
10.345438
10.483740
9.670647
11.761245
8.842009
7.589528
8.649294
10.514019
12.051654
8.539842
5.500775
11.954716
9.638258
10.262542
11.306426
10.689052
6.175630
10.670497
7.917466
14.221181
10.593324
8.190449
6.538056
17.010232
17.213508
9.997234
8.469340
12.714181
11.889375
5.125176
7.393125
11.267237
8.568534
8.129755
6.766090
13.246713
11.274760
11.113939
13.724183
10.481164
6.760380
9.051433
8.046826
8.576834
12.879223
9.497517
5.995661
9.799607
10.978785
11.696441
8.505791
12.328651
4.275837
9.986716
8.412395
12.891648
9.210430
11.970084
7.325264
18.061308
11.743022
7.375756
4.664566
13.038370
8.681684
7.544989
7.874790
8.382090
7.407698
10.837358
10.943951
10.254963
8.323142
6.983014
8.625553
8.324757
10.347278
8.322958
14.768748
6.444637
11.249457
8.920244
5.466783
12.793811
6.898122
9.286521
12.835277
6.560694
15.012964
1.475215
11.729472
8.666100
8.871701
12.692204
7.870533
4.869128
8.617201
5.733343
16.856516
11.091161
9.815956
11.695042
7.338720
11.796847
13.000505
10.369479
11.997882
12.215630
15.186886
8.224559
11.626639
2.340371
8.396467
6.668716
9.874522
14.014891
7.551516
4.803673
6.382068
11.965727
5.576203
10.470600
8.778392
11.376865
11.750000
10.432747
12.675265
14.034967
6.333877
8.954445
7.306095
11.648227
14.270046
9.340003
12.363300
10.067545
11.933919
12.178120
11.806488
9.827263
10.970229
10.101675
6.675602
6.887539
13.830022
11.723125
11.341124
7.273292
11.626215
11.013620
9.332989
8.242921
8.849352
9.339600
12.143151
14.418098
12.116765
12.266735
4.610783
13.273647
8.040252
8.307990
7.704593
10.699427
10.346261
9.541931
9.729192
6.947126
11.827161
12.831334
10.835541
8.680627
8.802837
8.325181
7.137778
11.725745
12.032415
11.541883
8.874317
15.254342
7.113249
5.806661
8.564909
11.081141
9.247141
4.301041
4.148622
13.800333
11.107316
7.642647
6.258343
7.829459
6.224805
11.987687
13.670140
8.355366
9.793030
12.406400
10.165153
7.898358
9.022865
7.630396
8.325596
6.845985
10.716792
10.183858
10.781777
5.083743
10.163479
8.482113
6.988400
10.786613
7.673170
8.905085
11.286815
6.587062
10.976967
13.888078
10.068850
11.278806
10.602622
9.453426
8.915766
10.630026
9.721976
14.447727
8.838990
4.776742
10.531133
15.026986
12.574419
9.333545
5.381181
8.794258
14.050156
11.705140
8.765789
9.509586
14.063907
12.458032
12.251226
8.316498
8.959402
6.900302
11.982840
8.521783
4.559536
4.123695
11.460032
14.492251
10.047665
8.736833
14.163098
10.773128
11.577462
12.872249
12.744497
8.575753
8.926697
9.117779
8.770268
7.879330
13.653574
10.767894
11.079315
5.928946
10.318158
7.592073
7.673833
8.614206
4.854326
8.627424
7.230317
15.585866
9.150501
12.897756
10.561355
10.942028
14.836318
11.582238
11.391605
5.299265
11.690978
11.589789
11.468410
9.767095
14.701016
12.789701
12.766422
7.768069
10.842277
10.000326
10.798051
11.857671
10.433175
8.190420
16.398284
12.856865
13.444258
7.659107
9.047144
5.690649
10.915072
9.629943
8.994779
12.452496
2.599379
12.187281
11.295900
10.787773
9.890076
8.091989
6.362852
9.958922
4.938187
12.861014
10.484241
11.104975
7.606087
13.275148
10.226561
3.034333
9.738164
3.243155
6.641130
3.422925
9.066928
7.887425
7.067338
11.420022
7.065967
10.253939
11.466966
12.489905
13.109764
10.979301
11.967801
5.937466
12.055864
10.634022
9.971206
6.723195
12.344194
9.154315
11.544558
12.331377
7.301549
8.199713
8.806737
7.440200
11.144502
7.014004
10.958495
7.899035
16.452991
11.410620
8.671603
7.413417
7.210098
4.971821
12.238841
13.091534
15.024594
10.109815
8.175611
11.167323
13.810456
11.416486
13.365101
9.544257
8.627557
11.921273
11.126015
12.398662
11.458899
5.780225
10.952991
12.986367
5.628770
9.924144
12.128535
3.710695
8.663015
13.707202
7.335200
6.584844
7.727808
14.493790
12.670165
13.608448
8.665775
14.043055
4.558041
12.792940
10.350851
8.685321
15.532409
8.929455
13.527235
8.611176
7.876100
12.345466
8.431970
6.713753
11.595541
4.704879
7.577861
6.476416
6.920905
7.380098
9.483793
3.796124
4.896801
13.200927
6.632056
12.713536
9.384532
5.485776
12.046172
6.054458
5.639482
13.246431
8.487216
7.211876
13.396001
9.232381
12.812936
8.831087
10.474454
8.978669
6.139367
11.581388
11.171804
13.100506
11.258991
7.478011
9.856864
9.938826
9.568596
7.622002
12.924276
10.801820
14.359663
4.648179
13.415409
6.352291
9.121247
10.565992
13.602557
12.863866
13.040337
15.459323
4.750461
8.402403
6.735778
7.018501
11.206117
14.005891
13.344272
6.990385
7.414533
5.288820
8.458224
6.522544
13.931910
15.636393
10.009532
5.381740
8.145583
8.205237
10.062818
5.065614
13.214867
8.825345
9.373450
14.125160
8.159227
8.222037
10.818787
5.349381
10.509566
6.250698
9.331190
12.039855
8.559088
8.678976
16.201381
9.190482
9.972158
9.187660
11.183596
10.327293
7.839303
7.807425
15.379251
3.945156
7.254476
7.031903
13.978895
7.908416
10.962933
10.143461
5.203997
8.070235
10.558770
13.797587
6.915224
9.953132
9.755446
6.769185
10.334342
10.236059
7.525300
10.411510
8.350794
10.074951
11.397768
6.348728
11.214041
8.342467
6.115450
14.700024
7.264503
13.326109
9.782795
10.331424
9.248066
10.291822
6.211739
9.965483
13.009683
7.527438
4.917353
9.436589
7.742573
14.671534
5.413098
10.074187
15.909467
10.163192
6.625254
9.421315
11.314810
11.619034
11.052570
10.020533
11.819836
6.420302
7.847984
13.901961
10.597286
13.102500
11.655142
8.732232
15.386502
8.330254
9.328009
10.987612
13.597257
11.787446
9.715909
4.790063
7.939985
7.145909
10.691090
5.525188
9.469261
15.530375
10.479448
11.102217
11.844986
10.538152
12.454359
7.644852
7.508137
12.505326
12.769636
11.548274
15.388599
12.185047
11.217134
5.582879
7.274048
12.901814
10.089673
7.282847
13.244293
8.742537
11.798089
4.683361
9.402656
7.972882
10.197321
11.829045
13.891796
4.285421
13.529056
7.432204
16.842844
6.163006
13.691837
14.614768
10.525748
9.739870
11.318079
10.133368
9.528894
12.646048
8.532512
10.123419
13.372513
14.860975
9.532321
3.725375
5.575670
10.378310
6.803288
6.623180
7.881520
7.861360
9.895326
10.611594
2.970963
10.521988
12.179948
9.008917
18.556421
10.582722
9.545553
7.931476
6.547878
12.162419
8.434818
7.220175
7.478431
13.135708
8.189840
6.714420
4.853044
14.716911
13.408740
11.672682
3.714233
12.394266
8.327677
13.849595
7.000754
16.348013
5.841632
12.094502
13.550641
9.683813
11.612513
9.154164
13.093080
4.927154
13.132145
6.048616
10.167611
9.538464
13.247737
10.412420
9.238133
6.502975
14.554475
9.467151
5.874889
8.807101
10.522396
8.604268
12.503327
9.838097
10.514258
8.860430
10.411220
7.700597
5.867025
10.925307
8.138000
12.146338
9.090872
