000 (304385150.000.000) 03/16 23:24:13 Job submitted from host: <172.16.223.61:14822?addrs=172.16.223.61-14822>
    DAG Node: examplejob_20180316_02_arg_0
...
000 (304385161.000.000) 03/16 23:24:15 Job submitted from host: <172.16.223.61:14822?addrs=172.16.223.61-14822>
    DAG Node: examplejob_20180316_02_arg_1
...
000 (304385174.000.000) 03/16 23:24:17 Job submitted from host: <172.16.223.61:14822?addrs=172.16.223.61-14822>
    DAG Node: examplejob_20180316_02_arg_2
...
001 (304385150.000.000) 03/16 23:25:09 Job executing on host: <10.128.10.193:50477?addrs=10.128.10.193-50477>
...
001 (304385161.000.000) 03/16 23:25:10 Job executing on host: <10.128.10.157:39529?addrs=10.128.10.157-39529>
...
001 (304385174.000.000) 03/16 23:25:10 Job executing on host: <10.128.10.136:48673?addrs=10.128.10.136-48673>
...
006 (304385150.000.000) 03/16 23:25:10 Image size of job updated: 4
	0  -  MemoryUsage of job (MB)
	0  -  ResidentSetSize of job (KB)
...
005 (304385150.000.000) 03/16 23:25:12 Job terminated.
	(1) Normal termination (return value 0)
		Usr 0 00:00:00, Sys 0 00:00:00  -  Run Remote Usage
		Usr 0 00:00:00, Sys 0 00:00:00  -  Run Local Usage
		Usr 0 00:00:00, Sys 0 00:00:00  -  Total Remote Usage
		Usr 0 00:00:00, Sys 0 00:00:00  -  Total Local Usage
	0  -  Run Bytes Sent By Job
	0  -  Run Bytes Received By Job
	0  -  Total Bytes Sent By Job
	0  -  Total Bytes Received By Job
	Partitionable Resources :    Usage  Request Allocated
	   Admin_mutex_1         :                           1
	   Admin_mutex_2         :                           1
	   Admin_mutex_3         :                           1
	   Cpus                  :                 1         1
	   Disk (KB)             :        1  1000000   8106474
	   Gpus                  :                           0
	   Machine_token         :                           1
	   Memory (MB)           :        0     1000      1000
...
006 (304385174.000.000) 03/16 23:25:13 Image size of job updated: 28
	0  -  MemoryUsage of job (MB)
	0  -  ResidentSetSize of job (KB)
...
006 (304385161.000.000) 03/16 23:25:18 Image size of job updated: 420
	1  -  MemoryUsage of job (MB)
	420  -  ResidentSetSize of job (KB)
...
005 (304385174.000.000) 03/16 23:25:20 Job terminated.
	(1) Normal termination (return value 0)
		Usr 0 00:00:00, Sys 0 00:00:00  -  Run Remote Usage
		Usr 0 00:00:00, Sys 0 00:00:00  -  Run Local Usage
		Usr 0 00:00:00, Sys 0 00:00:00  -  Total Remote Usage
		Usr 0 00:00:00, Sys 0 00:00:00  -  Total Local Usage
	0  -  Run Bytes Sent By Job
	0  -  Run Bytes Received By Job
	0  -  Total Bytes Sent By Job
	0  -  Total Bytes Received By Job
	Partitionable Resources :    Usage  Request Allocated
	   Admin_mutex_1         :                           1
	   Admin_mutex_2         :                           1
	   Admin_mutex_3         :                           1
	   Cpus                  :                 1         1
	   Disk (KB)             :        1  1000000   1297788
	   Gpus                  :                           0
	   Machine_token         :                           1
	   Memory (MB)           :        0     1000      1000
...
005 (304385161.000.000) 03/16 23:25:20 Job terminated.
	(1) Normal termination (return value 0)
		Usr 0 00:00:00, Sys 0 00:00:00  -  Run Remote Usage
		Usr 0 00:00:00, Sys 0 00:00:00  -  Run Local Usage
		Usr 0 00:00:00, Sys 0 00:00:00  -  Total Remote Usage
		Usr 0 00:00:00, Sys 0 00:00:00  -  Total Local Usage
	0  -  Run Bytes Sent By Job
	0  -  Run Bytes Received By Job
	0  -  Total Bytes Sent By Job
	0  -  Total Bytes Received By Job
	Partitionable Resources :    Usage  Request Allocated
	   Admin_mutex_1         :                           1
	   Admin_mutex_2         :                           1
	   Admin_mutex_3         :                           1
	   Cpus                  :                 1         1
	   Disk (KB)             :        1  1000000   3573008
	   Gpus                  :                           0
	   Machine_token         :                           1
	   Memory (MB)           :        1     1000      1000
...
